IQ-TREE multicore version 1.6.12 for Linux 64-bit built Aug 15 2019
Developed by Bui Quang Minh, Nguyen Lam Tung, Olga Chernomor,
Heiko Schmidt, Dominik Schrempf, Michael Woodhams.

Host:    fit-gw.local (AVX2, FMA3, 62 GB RAM)
Command: /home/diepht/danquan/pQMaker/iqtree -s ../output/hssp/split/Ord0010_1is1.ALL_GBP2 -m MFP -fast -mset LG,WAG,JTT -t ../output/hssp/split/Ord0010_1is1.ALL_GB.tree -safe -seed 0 -pre ../output/hssp/split/Ord0010_1is1.ALL_GBP2_AICc
Seed:    0 (Using SPRNG - Scalable Parallel Random Number Generator)
Time:    Sat Mar  9 17:06:52 2024
Kernel:  Safe AVX+FMA - 1 threads (36 CPU cores detected)

HINT: Use -nt option to specify number of threads because your CPU has 36 cores!
HINT: -nt AUTO will automatically determine the best number of threads to use.

Reading alignment file ../output/hssp/split/Ord0010_1is1.ALL_GBP2 ... Phylip format detected
Alignment most likely contains protein sequences
Alignment has 91 sequences with 88 columns, 88 distinct patterns
88 parsimony-informative, 0 singleton sites, 0 constant sites
                       Gap/Ambiguity  Composition  p-value
   1  1is1_seed                0.00%    passed     99.94%
   2  1_1is1_Q1VEZ3_VIBAL      0.00%    passed     99.98%
   3  2_1is1_RRF_VIBVY         0.00%    passed     99.99%
   4  4_1is1_RRF_VIBCH         0.00%    passed     99.62%
   5  5_1is1_RRF_VIBF1         0.00%    passed     99.49%
   6  6_1is1_RRF_PHOPR         0.00%    passed     99.53%
   7  7_1is1_Q1ZLH5_9VIBR      0.00%    passed     95.49%
   8  11_1is1_A0KHG6_AERHY     0.00%    passed     96.75%
   9  23_1is1_Q485G7_COLP3     0.00%    passed     98.67%
  10  24_1is1_Q2NRL0_SODGM     0.00%    passed     99.06%
  11  25_1is1_Q15WG0_PSEA6     0.00%    passed     99.99%
  12  29_1is1_Q0FC73_9PROT     0.00%    passed     88.66%
  13  46_1is1_Q1FWY8_9GAMM     0.00%    passed     97.78%
  14  47_1is1_Q33SG2_9GAMM     0.00%    passed     87.40%
  15  48_1is1_Q0HT65_SHESR     0.00%    passed     95.10%
  16  50_1is1_A0J9H8_9GAMM     0.00%    passed     85.41%
  17  51_1is1_Q1ZCY3_9GAMM     0.00%    passed     99.79%
  18  52_1is1_RRF_IDILO        0.00%    passed     99.99%
  19  53_1is1_RRF_SHEON        0.00%    passed     89.04%
  20  55_1is1_Q3QG17_9GAMM     0.00%    passed     93.29%
  21  56_1is1_Q4IXT5_AZOVI     0.00%    passed     52.26%
  22  57_1is1_Q2ZL16_SHEPU     0.00%    passed     94.83%
  23  59_1is1_Q3Q6U7_9GAMM     0.00%    passed     96.84%
  24  61_1is1_Q1R030_CHRSD     0.00%    passed     78.35%
  25  62_1is1_RRF_METCA        0.00%    passed     96.78%
  26  63_1is1_Q12NY4_SHEDO     0.00%    passed     94.00%
  27  64_1is1_Q02RC5_PSEAE     0.00%    passed     94.51%
  28  66_1is1_Q0VQF4_ALCBS     0.00%    passed     96.24%
  29  67_1is1_Q2XG64_PSEPU     0.00%    passed     93.34%
  30  69_1is1_Q0A7I3_ALHEH     0.00%    passed     92.98%
  31  70_1is1_Q085D9_SHEFN     0.00%    failed      2.25%
  32  71_1is1_Q1I629_9PSED     0.00%    passed     87.09%
  33  72_1is1_RRF_CHRVO        0.00%    passed     99.92%
  34  73_1is1_Q1N1X1_9GAMM     0.00%    passed     95.50%
  35  74_1is1_Q1H142_METFK     0.00%    passed     99.97%
  36  75_1is1_Q2BQY2_9GAMM     0.00%    passed     97.29%
  37  76_1is1_Q1YTX0_9GAMM     0.00%    passed     98.62%
  38  78_1is1_Q2SBQ0_HAHCH     0.00%    passed     99.38%
  39  79_1is1_Q3RF18_XYLFA     0.00%    passed     92.69%
  40  81_1is1_RRF_LEGPH        0.00%    passed     84.82%
  41  82_1is1_A0I117_PSEME     0.00%    passed     88.21%
  42  84_1is1_RRF_NEIG1        0.00%    passed     97.80%
  43  88_1is1_Q0AEH7_9PROT     0.00%    passed     77.57%
  44  89_1is1_RRF_NITEU        0.00%    passed     91.95%
  45  90_1is1_Q2CW00_ECTHA     0.00%    passed     92.99%
  46  92_1is1_Q2P4A9_XANOM     0.00%    passed     24.24%
  47  93_1is1_Q2YBA4_NITMU     0.00%    passed     94.16%
  48  94_1is1_Q3JCX2_NITOC     0.00%    passed     58.42%
  49  96_1is1_RRF_NEIMA        0.00%    passed     97.64%
  50  97_1is1_Q3BVK7_XANC5     0.00%    passed     39.95%
  51  99_1is1_Q4USQ7_XANC8     0.00%    passed     45.87%
  52  103_1is1_RRF_COXBU       0.00%    passed     64.72%
  53  104_1is1_RRF_AZOSE       0.00%    passed     97.42%
  54  107_1is1_Q47F89_DECAR    0.00%    passed     73.70%
  55  109_1is1_RRF_BACSK       0.00%    passed     99.42%
  56  110_1is1_Q21HH5_SACD2    0.00%    passed     99.94%
  57  113_1is1_A0Q4H4_FRANO    0.00%    passed     98.17%
  58  117_1is1_Q31G46_THICR    0.00%    passed     33.89%
  59  122_1is1_Q3KHA9_PSEPF    0.00%    passed     72.30%
  60  133_1is1_RRF_PSESM       0.00%    passed     99.22%
  61  138_1is1_Q4ZWS5_PSEU2    0.00%    passed     98.52%
  62  140_1is1_Q190S1_DESHD    0.00%    passed     98.45%
  63  148_1is1_RRF_BACLD       0.00%    passed     81.04%
  64  149_1is1_Q36RY8_MARHY    0.00%    passed     97.20%
  65  154_1is1_RRF_SYMTH       0.00%    passed     95.97%
  66  155_1is1_Q0AYK1_SYNWW    0.00%    passed     92.37%
  67  164_1is1_Q2RJP0_MOOTA    0.00%    passed     72.55%
  68  165_1is1_Q301F2_STRSU    0.00%    passed     78.72%
  69  171_1is1_Q2AIF1_9FIRM    0.00%    passed     84.21%
  70  173_1is1_Q3C2Y4_9CLOT    0.00%    passed     52.42%
  71  174_1is1_RRF_BACC1       0.00%    passed     97.58%
  72  178_1is1_Q3AB80_CARHZ    0.00%    passed     76.21%
  73  179_1is1_Q3EJC9_BACTI    0.00%    passed     99.56%
  74  185_1is1_RRF_ENTFA       0.00%    passed     99.42%
  75  187_1is1_RRF_BACAN       0.00%    passed     85.92%
  76  201_1is1_Q3DRC9_STRAG    0.00%    passed     97.27%
  77  208_1is1_Q4EPK4_LISMO    0.00%    passed     95.68%
  78  213_1is1_RRF_CLOAB       0.00%    passed     59.81%
  79  214_1is1_Q2ALI0_9BACI    0.00%    passed     99.66%
  80  215_1is1_RRF_LISIN       0.00%    passed     95.68%
  81  216_1is1_A0AIB5_LISWE    0.00%    passed     97.75%
  82  217_1is1_A0LV51_ACICE    0.00%    failed      0.10%
  83  220_1is1_Q3A398_PELCD    0.00%    passed     80.48%
  84  222_1is1_RRF_GEOKA       0.00%    passed     89.01%
  85  223_1is1_Q39W85_GEOMG    0.00%    passed     77.05%
  86  229_1is1_Q2B7I8_9BACI    0.00%    passed     90.68%
  87  242_1is1_A0L8Q8_9PROT    0.00%    passed     56.26%
  88  244_1is1_Q03M15_STRTR    0.00%    passed     97.13%
  89  247_1is1_RRF_STRR6       0.00%    passed     98.87%
  90  248_1is1_RRF_STRMU       0.00%    passed     47.65%
  91  250_1is1_RRF_STRPN       0.00%    passed     97.84%
****  TOTAL                    0.00%  2 sequences failed composition chi2 test (p-value<5%; df=18)
NOTE: 215_1is1_RRF_LISIN is identical to 208_1is1_Q4EPK4_LISMO but kept for subsequent analysis

Reading input tree file ../output/hssp/split/Ord0010_1is1.ALL_GB.tree ...
NOTE: ModelFinder requires 15 MB RAM!
ModelFinder will test 66 protein models (sample size: 88) ...
 No. Model         -LnL         df  AIC          AICc         BIC
  1  LG            7171.131     179 14700.261    79140.261    15143.705
  2  LG+G4         7013.986     180 14387.973    79547.973    14833.893
  3  LG+R2         7013.004     181 14388.008    80272.008    14836.406
  4  LG+R3         7005.272     183 14376.544    81720.544    14829.897
  5  LG+R4         7005.270     185 14380.541    83200.541    14838.848
 12  LG+F          7194.142     198 14784.284    93588.284    15274.797
 13  LG+F+G4       7039.446     199 14476.892    94076.892    14969.882
 14  LG+F+R2       7038.866     200 14477.732    94877.732    14973.199
 15  LG+F+R3       7032.739     202 14469.479    96481.479    14969.901
 16  LG+F+R4       7032.737     204 14473.473    98113.473    14978.850
 23  WAG           7239.229     179 14836.458    79276.458    15279.901
 24  WAG+G4        7097.523     180 14555.046    79715.046    15000.967
 25  WAG+R2        7095.835     181 14553.670    80437.670    15002.068
 26  WAG+R3        7090.538     183 14547.076    81891.076    15000.428
 27  WAG+R4        7090.537     185 14551.074    83371.074    15009.382
 34  WAG+F         7313.858     198 15023.717    93827.717    15514.229
 35  WAG+F+G4      7165.974     199 14729.948    94329.948    15222.938
 36  WAG+F+R2      7170.546     200 14741.093    95141.093    15236.560
 37  WAG+F+R3      7161.600     202 14727.200    96739.200    15227.622
 38  WAG+F+R4      7161.539     204 14731.078    98371.078    15236.455
 45  JTT           7230.519     179 14819.037    79259.037    15262.480
 46  JTT+G4        7073.120     180 14506.240    79666.240    14952.161
 47  JTT+R2        7071.834     181 14505.668    80389.668    14954.065
 48  JTT+R3        7065.319     183 14496.638    81840.638    14949.990
 49  JTT+R4        7065.314     185 14500.629    83320.629    14958.936
 56  JTT+F         7282.612     198 14961.225    93765.225    15451.737
 57  JTT+F+G4      7124.466     199 14646.933    94246.933    15139.923
 58  JTT+F+R2      7124.471     200 14648.942    95048.942    15144.409
 59  JTT+F+R3      7118.528     202 14641.056    96653.056    15141.478
 60  JTT+F+R4      7118.521     204 14645.042    98285.042    15150.418
Akaike Information Criterion:           LG+R3
Corrected Akaike Information Criterion: LG
Bayesian Information Criterion:         LG+R3
Best-fit model: LG+R3 chosen according to BIC

All model information printed to ../output/hssp/split/Ord0010_1is1.ALL_GBP2_AICc.model.gz
CPU time for ModelFinder: 5.809 seconds (0h:0m:5s)
Wall-clock time for ModelFinder: 5.842 seconds (0h:0m:5s)
NOTE: State(s) W not present in alignment and thus removed from Markov process to prevent numerical problems
NOTE: 1 states (see above) are not present and thus removed from Markov process to prevent numerical problems

NOTE: 4 MB RAM (0 GB) is required!
Estimate model parameters (epsilon = 0.500)
1. Initial log-likelihood: -7057.566
2. Current log-likelihood: -7012.132
3. Current log-likelihood: -7010.034
4. Current log-likelihood: -7007.684
5. Current log-likelihood: -7005.709
Optimal log-likelihood: -7005.299
Site proportion and rates:  (0.363,0.366) (0.194,0.848) (0.443,1.586)
Parameters optimization took 5 rounds (0.478 sec)
--------------------------------------------------------------------
|             INITIALIZING CANDIDATE TREE SET                      |
--------------------------------------------------------------------

Do NNI search on 1 best initial trees
Estimate model parameters (epsilon = 0.500)
BETTER TREE FOUND at iteration 1: -6985.739
Finish initializing candidate tree set (2)
Current best tree score: -6985.739 / CPU time: 0.297
Number of iterations: 1
--------------------------------------------------------------------
|               OPTIMIZING CANDIDATE TREE SET                      |
--------------------------------------------------------------------
TREE SEARCH COMPLETED AFTER 2 ITERATIONS / Time: 0h:0m:0s

--------------------------------------------------------------------
|                    FINALIZING TREE SEARCH                        |
--------------------------------------------------------------------
Performs final model parameters optimization
Estimate model parameters (epsilon = 0.050)
1. Initial log-likelihood: -6985.739
Optimal log-likelihood: -6985.727
Site proportion and rates:  (0.367,0.364) (0.195,0.875) (0.438,1.588)
Parameters optimization took 1 rounds (0.089 sec)
BEST SCORE FOUND : -6985.727
Total tree length: 19.809

Total number of iterations: 2
CPU time used for tree search: 0.486 sec (0h:0m:0s)
Wall-clock time used for tree search: 0.504 sec (0h:0m:0s)
Total CPU time used: 1.063 sec (0h:0m:1s)
Total wall-clock time used: 1.090 sec (0h:0m:1s)

Analysis results written to: 
  IQ-TREE report:                ../output/hssp/split/Ord0010_1is1.ALL_GBP2_AICc.iqtree
  Maximum-likelihood tree:       ../output/hssp/split/Ord0010_1is1.ALL_GBP2_AICc.treefile
  Screen log file:               ../output/hssp/split/Ord0010_1is1.ALL_GBP2_AICc.log

Date and Time: Sat Mar  9 17:06:59 2024
