IQ-TREE multicore version 1.6.12 for Linux 64-bit built Aug 15 2019
Developed by Bui Quang Minh, Nguyen Lam Tung, Olga Chernomor,
Heiko Schmidt, Dominik Schrempf, Michael Woodhams.

Host:    fit-gw.local (AVX2, FMA3, 62 GB RAM)
Command: /home/diepht/danquan/pQMaker/iqtree -s ../output/hssp/split/Ord0022_1ey2.ALL_GBP1 -m MFP -fast -mset LG,WAG,JTT -t ../output/hssp/split/Ord0022_1ey2.ALL_GB.tree -safe -seed 0 -pre ../output/hssp/split/Ord0022_1ey2.ALL_GBP1_AICc
Seed:    0 (Using SPRNG - Scalable Parallel Random Number Generator)
Time:    Sat Mar  9 17:40:12 2024
Kernel:  Safe AVX+FMA - 1 threads (36 CPU cores detected)

HINT: Use -nt option to specify number of threads because your CPU has 36 cores!
HINT: -nt AUTO will automatically determine the best number of threads to use.

Reading alignment file ../output/hssp/split/Ord0022_1ey2.ALL_GBP1 ... Phylip format detected
Alignment most likely contains protein sequences
Alignment has 86 sequences with 219 columns, 198 distinct patterns
167 parsimony-informative, 17 singleton sites, 35 constant sites
                       Gap/Ambiguity  Composition  p-value
   1  1ey2_seed                0.00%    passed     49.73%
   2  1_1ey2_Q5RF05_PONPY      0.00%    passed     51.14%
   3  4_1ey2_Q7TPP2_MOUSE      0.00%    passed     26.38%
   4  8_1ey2_Q6AYR0_RAT        0.00%    passed     53.34%
   5  16_1ey2_Q68F23_XENLA     0.00%    passed     98.66%
   6  17_1ey2_Q6P2V4_BRARE     0.00%    passed     85.43%
   7  18_1ey2_Q9DG46_BRARE     0.46%    passed     88.80%
   8  19_1ey2_Q4SMZ3_TETNG     0.00%    passed     84.15%
   9  20_1ey2_Q16IJ1_AEDAE     0.00%    passed     55.69%
  10  24_1ey2_HGD_CAEEL        0.00%    passed     67.91%
  11  25_1ey2_HGD_DROME        0.00%    passed     67.82%
  12  26_1ey2_Q61DL9_CAEBR     0.00%    passed     43.98%
  13  27_1ey2_Q7PMI7_ANOGA     0.00%    passed     81.77%
  14  30_1ey2_Q29M34_DROPS     0.00%    passed     77.87%
  15  31_1ey2_Q54QI4_DICDI     0.00%    passed     91.10%
  16  36_1ey2_HGD_ARATH        0.00%    passed     99.69%
  17  37_1ey2_Q9M6U1_SOLLC     0.00%    passed     98.55%
  18  39_1ey2_Q243V8_TETTH     0.00%    passed     66.94%
  19  40_1ey2_Q0DFB9_ORYSA     0.00%    passed     99.70%
  20  43_1ey2_Q1IQ44_ACIBL     0.00%    passed     99.92%
  21  48_1ey2_Q0K0L8_RALEH     0.00%    passed     91.26%
  22  49_1ey2_Q1BYQ6_BURCA     0.00%    passed     78.24%
  23  50_1ey2_Q0BHW3_BURCM     0.00%    passed     86.16%
  24  53_1ey2_Q1LF37_RALME     0.00%    passed     88.55%
  25  55_1ey2_HGD_STRAW        0.00%    passed     67.21%
  26  56_1ey2_Q1E801_COCIM     0.00%    passed     99.97%
  27  57_1ey2_HGD_BURS3        0.00%    passed     97.37%
  28  58_1ey2_Q4BA01_BURVI     0.00%    passed     82.10%
  29  60_1ey2_A0FWF7_9BURK     0.00%    passed     93.61%
  30  61_1ey2_Q144Z2_BURXL     0.00%    passed     80.30%
  31  62_1ey2_A0CLF2_PARTE     0.00%    passed      5.28%
  32  63_1ey2_A0GK40_9BURK     0.00%    passed     96.69%
  33  64_1ey2_Q4WM83_ASPFU     0.00%    passed     99.59%
  34  65_1ey2_HGD_RALEJ        0.00%    passed     96.94%
  35  66_1ey2_HGD_RALSO        0.00%    passed     89.21%
  36  67_1ey2_HGD_PSEAE        0.00%    passed     78.57%
  37  68_1ey2_HGD_STRCO        0.00%    passed     67.54%
  38  69_1ey2_A0CZQ3_PARTE     0.00%    passed     10.96%
  39  71_1ey2_Q2SYQ6_BURTA     0.00%    passed     83.61%
  40  72_1ey2_Q0CK61_ASPTE     0.00%    passed     95.56%
  41  73_1ey2_Q0C7J3_ASPTE     0.00%    passed     96.98%
  42  74_1ey2_A0J767_9GAMM     0.00%    passed     91.68%
  43  75_1ey2_Q140K0_BURXL     0.00%    passed     99.67%
  44  76_1ey2_Q7S6U0_NEUCR     0.00%    passed     99.88%
  45  86_1ey2_Q0MLZ9_9RHIZ     0.00%    passed     99.97%
  46  87_1ey2_Q5BC33_EMENI     0.00%    passed     89.61%
  47  89_1ey2_Q4WHT9_ASPFU     0.00%    passed     99.05%
  48  90_1ey2_HGD_RHIME        0.00%    passed     99.99%
  49  92_1ey2_Q11FI5_MESSB     0.00%    passed     82.03%
  50  93_1ey2_Q6MIH3_BDEBA     0.00%    passed     97.69%
  51  94_1ey2_Q26WW3_XANP2     0.00%    passed     99.97%
  52  98_1ey2_Q5AZ90_EMENI     0.00%    passed     97.86%
  53  99_1ey2_Q1MI52_RHIL3     0.00%    passed    100.00%
  54  100_1ey2_Q2KYC8_BORA1    0.00%    passed     98.76%
  55  102_1ey2_Q2ULZ3_ASPOR    0.00%    passed     99.21%
  56  103_1ey2_Q128Y1_POLSJ    0.00%    passed     82.27%
  57  105_1ey2_HGD_BORBR       0.00%    passed     60.39%
  58  108_1ey2_Q2K9E5_RHIEC    0.00%    passed     99.96%
  59  112_1ey2_Q4I350_GIBZE    0.00%    passed     99.99%
  60  113_1ey2_Q307Q0_PSEPU    0.00%    passed     95.10%
  61  114_1ey2_Q3IC02_PSEHT    0.00%    passed     85.54%
  62  116_1ey2_Q1NHI9_9SPHN    0.00%    passed     96.05%
  63  119_1ey2_Q2NYM7_XANOM    0.00%    passed     76.13%
  64  120_1ey2_Q0UVR5_PHANO    0.00%    passed     99.55%
  65  122_1ey2_HGD_LEGPH       2.74%    passed     15.21%
  66  123_1ey2_HGD_LEGPL       2.74%    passed     12.22%
  67  124_1ey2_HGD_LEGPA       2.74%    passed     10.22%
  68  125_1ey2_HGD_PSEPK       0.00%    passed     87.35%
  69  128_1ey2_Q4I8K8_GIBZE    0.00%    passed     98.20%
  70  129_1ey2_HGD_XANC5       0.00%    passed     73.63%
  71  132_1ey2_Q6EMI9_PSEPU    0.00%    passed     97.10%
  72  133_1ey2_Q1I500_9PSED    0.00%    passed     88.58%
  73  134_1ey2_HGD_XANAC       0.00%    passed     55.25%
  74  135_1ey2_HGD_XANCP       0.00%    passed     66.84%
  75  138_1ey2_Q13GC2_BURXL    0.00%    passed     76.35%
  76  139_1ey2_HGD_RHILO       0.00%    passed     99.95%
  77  146_1ey2_Q4ZR64_PSEU2    0.00%    passed     96.93%
  78  159_1ey2_Q3PL12_PARDE    0.00%    passed     90.84%
  79  161_1ey2_Q28SF6_JANSC    0.91%    passed     73.39%
  80  163_1ey2_Q13G93_BURXL    0.00%    passed     73.26%
  81  164_1ey2_A0NLH2_9RHOB    0.00%    passed     87.95%
  82  166_1ey2_Q5LVL4_SILPO    0.91%    passed     90.85%
  83  174_1ey2_Q0FK39_9RHOB    0.00%    passed     85.99%
  84  175_1ey2_Q1GDB3_SILST    0.91%    passed     85.51%
  85  176_1ey2_Q162G8_ROSDO    0.91%    passed     77.20%
  86  185_1ey2_Q0CRR6_ASPTE    0.00%    passed     61.97%
****  TOTAL                    0.14%  0 sequences failed composition chi2 test (p-value<5%; df=19)

Reading input tree file ../output/hssp/split/Ord0022_1ey2.ALL_GB.tree ...
NOTE: ModelFinder requires 29 MB RAM!
ModelFinder will test 78 protein models (sample size: 219) ...
 No. Model         -LnL         df  AIC          AICc         BIC
  1  LG            11731.536    169 23801.072    24973.725    24373.825
  2  LG+I          11519.491    170 23378.982    24590.232    23955.125
  3  LG+G4         10888.035    170 22116.070    23327.320    22692.212
  4  LG+I+G4       10884.093    171 22110.186    23361.761    22689.718
  5  LG+R2         10975.640    171 22293.280    23544.854    22872.811
  6  LG+R3         10901.776    173 22149.551    23487.418    22735.861
  7  LG+R4         10878.695    175 22107.390    23539.948    22700.478
  8  LG+R5         10874.473    177 22102.946    23639.825    22702.812
 14  LG+F          11723.197    188 23822.394    26191.194    24459.540
 15  LG+F+I        11501.707    189 23381.413    25857.965    24021.948
 16  LG+F+G4       10889.214    189 22156.428    24632.979    22796.962
 17  LG+F+I+G4     10882.014    190 22144.028    24736.171    22787.952
 18  LG+F+R2       10967.385    190 22314.770    24906.913    22958.693
 19  LG+F+R3       10904.819    192 22193.638    25044.099    22844.339
 20  LG+F+R4       10873.442    194 22134.884    25287.384    22792.364
 21  LG+F+R5       10870.778    196 22133.556    25643.737    22797.814
 27  WAG           11828.780    169 23995.559    25168.212    24568.312
 28  WAG+I         11598.772    170 23537.544    24748.794    24113.686
 29  WAG+G4        10995.928    170 22331.855    23543.105    22907.998
 30  WAG+I+G4      10993.196    171 22328.393    23579.967    22907.924
 31  WAG+R2        11057.590    171 22457.180    23708.755    23036.711
 32  WAG+R3        11005.842    173 22357.685    23695.551    22943.994
 33  WAG+R4        10982.962    175 22315.925    23748.483    22909.012
 34  WAG+R5        10980.084    177 22314.168    23851.047    22914.034
 40  WAG+F         11836.055    188 24048.110    26416.910    24685.255
 41  WAG+F+I       11602.507    189 23583.014    26059.566    24223.549
 42  WAG+F+G4      11023.785    189 22425.570    24902.122    23066.105
 43  WAG+F+I+G4    11020.051    190 22420.102    25012.245    23064.026
 44  WAG+F+R2      11078.940    190 22537.880    25130.023    23181.804
 45  WAG+F+R3      11034.951    192 22453.903    25304.364    23104.604
 46  WAG+F+R4      11007.470    194 22402.941    25555.441    23060.421
 47  WAG+F+R5      11005.593    196 22403.186    25913.368    23067.444
 53  JTT           11991.260    169 24320.519    25493.172    24893.272
 54  JTT+I         11745.049    170 23830.098    25041.348    24406.240
 55  JTT+G4        11103.675    170 22547.350    23758.600    23123.493
 56  JTT+I+G4      11095.656    171 22533.313    23784.887    23112.844
 57  JTT+R2        11172.427    171 22686.855    23938.429    23266.386
 58  JTT+R3        11117.228    173 22580.456    23918.323    23166.765
 59  JTT+R4        11081.555    175 22513.110    23945.668    23106.198
 60  JTT+R5        11079.777    177 22513.554    24050.432    23113.420
 66  JTT+F         12025.808    188 24427.616    26796.416    25064.761
 67  JTT+F+I       11777.071    189 23932.142    26408.694    24572.676
 68  JTT+F+G4      11155.089    189 22688.177    25164.729    23328.712
 69  JTT+F+I+G4    11146.818    190 22673.637    25265.780    23317.561
 70  JTT+F+R2      11217.493    190 22814.986    25407.129    23458.910
 71  JTT+F+R3      11167.785    192 22719.569    25570.031    23370.271
 72  JTT+F+R4      11131.445    194 22650.889    25803.389    23308.369
 73  JTT+F+R5      11129.810    196 22651.621    26161.803    23315.879
Akaike Information Criterion:           LG+R5
Corrected Akaike Information Criterion: LG+G4
Bayesian Information Criterion:         LG+I+G4
Best-fit model: LG+I+G4 chosen according to BIC

All model information printed to ../output/hssp/split/Ord0022_1ey2.ALL_GBP1_AICc.model.gz
CPU time for ModelFinder: 45.245 seconds (0h:0m:45s)
Wall-clock time for ModelFinder: 45.346 seconds (0h:0m:45s)

NOTE: 11 MB RAM (0 GB) is required!
Estimate model parameters (epsilon = 0.500)
Thoroughly optimizing +I+G parameters from 10 start values...
Init pinv, alpha: 0.000, 1.000 / Estimate: 0.000, 0.703 / LogL: -10888.081
Init pinv, alpha: 0.018, 1.000 / Estimate: 0.041, 0.766 / LogL: -10885.439
Init pinv, alpha: 0.036, 1.000 / Estimate: 0.065, 0.814 / LogL: -10884.481
Init pinv, alpha: 0.053, 1.000 / Estimate: 0.072, 0.830 / LogL: -10884.307
Init pinv, alpha: 0.071, 1.000 / Estimate: 0.084, 0.857 / LogL: -10884.122
Init pinv, alpha: 0.089, 1.000 / Estimate: 0.092, 0.878 / LogL: -10884.089
Init pinv, alpha: 0.107, 1.000 / Estimate: 0.098, 0.894 / LogL: -10884.127
Init pinv, alpha: 0.124, 1.000 / Estimate: 0.103, 0.908 / LogL: -10884.197
Init pinv, alpha: 0.142, 1.000 / Estimate: 0.107, 0.918 / LogL: -10884.283
Init pinv, alpha: 0.160, 1.000 / Estimate: 0.103, 0.908 / LogL: -10884.211
Optimal pinv,alpha: 0.092, 0.878 / LogL: -10884.089

Parameters optimization took 3.232 sec
--------------------------------------------------------------------
|             INITIALIZING CANDIDATE TREE SET                      |
--------------------------------------------------------------------

Do NNI search on 1 best initial trees
Estimate model parameters (epsilon = 0.500)
BETTER TREE FOUND at iteration 1: -10875.909
Finish initializing candidate tree set (2)
Current best tree score: -10875.909 / CPU time: 0.510
Number of iterations: 1
--------------------------------------------------------------------
|               OPTIMIZING CANDIDATE TREE SET                      |
--------------------------------------------------------------------
Estimate model parameters (epsilon = 0.500)
BETTER TREE FOUND at iteration 2: -10870.742
TREE SEARCH COMPLETED AFTER 2 ITERATIONS / Time: 0h:0m:4s

--------------------------------------------------------------------
|                    FINALIZING TREE SEARCH                        |
--------------------------------------------------------------------
Performs final model parameters optimization
Estimate model parameters (epsilon = 0.050)
1. Initial log-likelihood: -10870.742
Optimal log-likelihood: -10870.742
Proportion of invariable sites: 0.094
Gamma shape alpha: 0.881
Parameters optimization took 1 rounds (0.121 sec)
BEST SCORE FOUND : -10870.742
Total tree length: 14.593

Total number of iterations: 2
CPU time used for tree search: 1.602 sec (0h:0m:1s)
Wall-clock time used for tree search: 1.608 sec (0h:0m:1s)
Total CPU time used: 4.965 sec (0h:0m:4s)
Total wall-clock time used: 4.983 sec (0h:0m:4s)

Analysis results written to: 
  IQ-TREE report:                ../output/hssp/split/Ord0022_1ey2.ALL_GBP1_AICc.iqtree
  Maximum-likelihood tree:       ../output/hssp/split/Ord0022_1ey2.ALL_GBP1_AICc.treefile
  Screen log file:               ../output/hssp/split/Ord0022_1ey2.ALL_GBP1_AICc.log

Date and Time: Sat Mar  9 17:41:03 2024
