IQ-TREE multicore version 1.6.12 for Linux 64-bit built Aug 15 2019
Developed by Bui Quang Minh, Nguyen Lam Tung, Olga Chernomor,
Heiko Schmidt, Dominik Schrempf, Michael Woodhams.

Host:    fit-gw.local (AVX2, FMA3, 62 GB RAM)
Command: /home/diepht/danquan/pQMaker/iqtree -s ../output/hssp/split/Ord0069_2iny.ALL_GBP1P3P3 -m MFP -fast -mset LG,WAG,JTT -t ../output/hssp/split/Ord0069_2iny.ALL_GB.tree -safe -seed 0 -pre ../output/hssp/split/Ord0069_2iny.ALL_GBP1P3P3_AICc
Seed:    0 (Using SPRNG - Scalable Parallel Random Number Generator)
Time:    Sat Mar  9 20:03:26 2024
Kernel:  Safe AVX+FMA - 1 threads (36 CPU cores detected)

HINT: Use -nt option to specify number of threads because your CPU has 36 cores!
HINT: -nt AUTO will automatically determine the best number of threads to use.

Reading alignment file ../output/hssp/split/Ord0069_2iny.ALL_GBP1P3P3 ... Phylip format detected
Alignment most likely contains protein sequences
Alignment has 60 sequences with 62 columns, 32 distinct patterns
29 parsimony-informative, 0 singleton sites, 33 constant sites
                       Gap/Ambiguity  Composition  p-value
   1  2iny_seed                0.00%    failed      0.00%
   2  19_2iny_Q9QM73_9ADEN     0.00%    failed      0.00%
   3  24_2iny_Q66853_ADEGX     0.00%    failed      0.00%
   4  403_2iny_HEX_ADECC       0.00%    passed    100.00%
   5  417_2iny_Q3S8C5_9ADEN    0.00%    passed    100.00%
   6  420_2iny_P87562_ADEC2    0.00%    passed    100.00%
   7  422_2iny_Q2KSE8_ADE04    0.00%    passed    100.00%
   8  423_2iny_Q3S8A5_9ADEN    0.00%    passed    100.00%
   9  426_2iny_Q3S8B5_9ADEN    0.00%    passed    100.00%
  10  429_2iny_Q3S8C1_9ADEN    0.00%    passed    100.00%
  11  431_2iny_Q3S8A1_9ADEN    0.00%    passed    100.00%
  12  436_2iny_HEX_ADE41       0.00%    passed    100.00%
  13  437_2iny_Q3ZKU4_9ADEN    0.00%    passed    100.00%
  14  438_2iny_Q3ZKY9_9ADEN    0.00%    passed    100.00%
  15  442_2iny_Q3S8B7_9ADEN    0.00%    passed    100.00%
  16  443_2iny_Q2KS38_ADE07    0.00%    passed    100.00%
  17  445_2iny_Q3S8A3_9ADEN    0.00%    passed    100.00%
  18  446_2iny_Q3S897_9ADEN    0.00%    passed    100.00%
  19  447_2iny_Q2TK92_ADE03    0.00%    passed    100.00%
  20  467_2iny_Q9DT29_9ADEN    0.00%    passed    100.00%
  21  472_2iny_Q910Z9_ADE02    0.00%    passed    100.00%
  22  480_2iny_Q3S8B1_9ADEN    0.00%    passed    100.00%
  23  482_2iny_Q3S8B2_9ADEN    0.00%    passed    100.00%
  24  483_2iny_Q3S8B9_9ADEN    0.00%    passed    100.00%
  25  484_2iny_Q3S8A4_9ADEN    0.00%    passed    100.00%
  26  498_2iny_Q3S8A8_9ADEN    0.00%    passed    100.00%
  27  499_2iny_Q3S8C3_ADE08    0.00%    passed    100.00%
  28  500_2iny_Q5UW08_9ADEN    0.00%    passed    100.00%
  29  502_2iny_Q67814_ADE04    0.00%    passed    100.00%
  30  506_2iny_Q80RJ0_ADE03    0.00%    passed    100.00%
  31  508_2iny_HEX_ADE03       0.00%    passed    100.00%
  32  510_2iny_A0MK56_9ADEN    0.00%    passed    100.00%
  33  511_2iny_Q0PLY2_ADES7    0.00%    passed    100.00%
  34  512_2iny_Q0MW45_ADEC2    0.00%    passed    100.00%
  35  514_2iny_Q6QPE0_9ADEN    0.00%    passed    100.00%
  36  520_2iny_Q2KRX0_ADE16    0.00%    passed    100.00%
  37  521_2iny_Q80RI3_ADE02    0.00%    passed    100.00%
  38  523_2iny_O39793_ADEE1    0.00%    passed    100.00%
  39  524_2iny_Q3S8A6_9ADEN    0.00%    passed    100.00%
  40  525_2iny_Q3S8B8_9ADEN    0.00%    passed    100.00%
  41  527_2iny_Q3S8A2_9ADEN    0.00%    passed    100.00%
  42  528_2iny_Q3S896_9ADEN    0.00%    passed    100.00%
  43  530_2iny_Q83109_9ADEN    0.00%    passed    100.00%
  44  532_2iny_Q3S8A7_9ADEN    0.00%    passed    100.00%
  45  534_2iny_Q3S8A0_9ADEN    0.00%    passed    100.00%
  46  537_2iny_Q3S8B0_9ADEN    0.00%    passed    100.00%
  47  539_2iny_HEX_ADE09       0.00%    passed    100.00%
  48  540_2iny_Q5C8P9_9ADEN    0.00%    passed    100.00%
  49  541_2iny_Q4KSJ8_9ADEN    0.00%    passed    100.00%
  50  542_2iny_HEX_ADE40       0.00%    passed    100.00%
  51  545_2iny_Q80RI4_ADE03    0.00%    passed    100.00%
  52  547_2iny_Q2KS08_ADE05    0.00%    passed    100.00%
  53  558_2iny_Q3S8B4_9ADEN    0.00%    passed    100.00%
  54  560_2iny_Q3S8B6_9ADEN    0.00%    passed    100.00%
  55  562_2iny_Q3S899_9ADEN    0.00%    passed    100.00%
  56  563_2iny_Q2V0B3_ADE09    0.00%    passed    100.00%
  57  564_2iny_Q3S895_9ADEN    0.00%    passed    100.00%
  58  657_2iny_HEX_ADE12       0.00%    passed    100.00%
  59  660_2iny_Q71BW8_ADE01    0.00%    passed    100.00%
  60  662_2iny_Q3S8C4_ADE06    0.00%    passed    100.00%
****  TOTAL                    0.00%  3 sequences failed composition chi2 test (p-value<5%; df=18)
NOTE: 19_2iny_Q9QM73_9ADEN is identical to 2iny_seed but kept for subsequent analysis
NOTE: 420_2iny_P87562_ADEC2 is identical to 403_2iny_HEX_ADECC but kept for subsequent analysis
NOTE: 422_2iny_Q2KSE8_ADE04 is identical to 417_2iny_Q3S8C5_9ADEN but kept for subsequent analysis
NOTE: 54 identical sequences (see below) will be ignored for subsequent analysis
NOTE: 24_2iny_Q66853_ADEGX (identical to 2iny_seed) is ignored but added at the end
NOTE: 512_2iny_Q0MW45_ADEC2 (identical to 403_2iny_HEX_ADECC) is ignored but added at the end
NOTE: 523_2iny_O39793_ADEE1 (identical to 403_2iny_HEX_ADECC) is ignored but added at the end
NOTE: 423_2iny_Q3S8A5_9ADEN (identical to 417_2iny_Q3S8C5_9ADEN) is ignored but added at the end
NOTE: 426_2iny_Q3S8B5_9ADEN (identical to 417_2iny_Q3S8C5_9ADEN) is ignored but added at the end
NOTE: 429_2iny_Q3S8C1_9ADEN (identical to 417_2iny_Q3S8C5_9ADEN) is ignored but added at the end
NOTE: 431_2iny_Q3S8A1_9ADEN (identical to 417_2iny_Q3S8C5_9ADEN) is ignored but added at the end
NOTE: 436_2iny_HEX_ADE41 (identical to 417_2iny_Q3S8C5_9ADEN) is ignored but added at the end
NOTE: 437_2iny_Q3ZKU4_9ADEN (identical to 417_2iny_Q3S8C5_9ADEN) is ignored but added at the end
NOTE: 438_2iny_Q3ZKY9_9ADEN (identical to 417_2iny_Q3S8C5_9ADEN) is ignored but added at the end
NOTE: 442_2iny_Q3S8B7_9ADEN (identical to 417_2iny_Q3S8C5_9ADEN) is ignored but added at the end
NOTE: 443_2iny_Q2KS38_ADE07 (identical to 417_2iny_Q3S8C5_9ADEN) is ignored but added at the end
NOTE: 445_2iny_Q3S8A3_9ADEN (identical to 417_2iny_Q3S8C5_9ADEN) is ignored but added at the end
NOTE: 446_2iny_Q3S897_9ADEN (identical to 417_2iny_Q3S8C5_9ADEN) is ignored but added at the end
NOTE: 447_2iny_Q2TK92_ADE03 (identical to 417_2iny_Q3S8C5_9ADEN) is ignored but added at the end
NOTE: 467_2iny_Q9DT29_9ADEN (identical to 417_2iny_Q3S8C5_9ADEN) is ignored but added at the end
NOTE: 472_2iny_Q910Z9_ADE02 (identical to 417_2iny_Q3S8C5_9ADEN) is ignored but added at the end
NOTE: 480_2iny_Q3S8B1_9ADEN (identical to 417_2iny_Q3S8C5_9ADEN) is ignored but added at the end
NOTE: 482_2iny_Q3S8B2_9ADEN (identical to 417_2iny_Q3S8C5_9ADEN) is ignored but added at the end
NOTE: 483_2iny_Q3S8B9_9ADEN (identical to 417_2iny_Q3S8C5_9ADEN) is ignored but added at the end
NOTE: 484_2iny_Q3S8A4_9ADEN (identical to 417_2iny_Q3S8C5_9ADEN) is ignored but added at the end
NOTE: 498_2iny_Q3S8A8_9ADEN (identical to 417_2iny_Q3S8C5_9ADEN) is ignored but added at the end
NOTE: 499_2iny_Q3S8C3_ADE08 (identical to 417_2iny_Q3S8C5_9ADEN) is ignored but added at the end
NOTE: 500_2iny_Q5UW08_9ADEN (identical to 417_2iny_Q3S8C5_9ADEN) is ignored but added at the end
NOTE: 502_2iny_Q67814_ADE04 (identical to 417_2iny_Q3S8C5_9ADEN) is ignored but added at the end
NOTE: 506_2iny_Q80RJ0_ADE03 (identical to 417_2iny_Q3S8C5_9ADEN) is ignored but added at the end
NOTE: 508_2iny_HEX_ADE03 (identical to 417_2iny_Q3S8C5_9ADEN) is ignored but added at the end
NOTE: 510_2iny_A0MK56_9ADEN (identical to 417_2iny_Q3S8C5_9ADEN) is ignored but added at the end
NOTE: 511_2iny_Q0PLY2_ADES7 (identical to 417_2iny_Q3S8C5_9ADEN) is ignored but added at the end
NOTE: 514_2iny_Q6QPE0_9ADEN (identical to 417_2iny_Q3S8C5_9ADEN) is ignored but added at the end
NOTE: 520_2iny_Q2KRX0_ADE16 (identical to 417_2iny_Q3S8C5_9ADEN) is ignored but added at the end
NOTE: 521_2iny_Q80RI3_ADE02 (identical to 417_2iny_Q3S8C5_9ADEN) is ignored but added at the end
NOTE: 524_2iny_Q3S8A6_9ADEN (identical to 417_2iny_Q3S8C5_9ADEN) is ignored but added at the end
NOTE: 525_2iny_Q3S8B8_9ADEN (identical to 417_2iny_Q3S8C5_9ADEN) is ignored but added at the end
NOTE: 527_2iny_Q3S8A2_9ADEN (identical to 417_2iny_Q3S8C5_9ADEN) is ignored but added at the end
NOTE: 528_2iny_Q3S896_9ADEN (identical to 417_2iny_Q3S8C5_9ADEN) is ignored but added at the end
NOTE: 530_2iny_Q83109_9ADEN (identical to 417_2iny_Q3S8C5_9ADEN) is ignored but added at the end
NOTE: 532_2iny_Q3S8A7_9ADEN (identical to 417_2iny_Q3S8C5_9ADEN) is ignored but added at the end
NOTE: 534_2iny_Q3S8A0_9ADEN (identical to 417_2iny_Q3S8C5_9ADEN) is ignored but added at the end
NOTE: 537_2iny_Q3S8B0_9ADEN (identical to 417_2iny_Q3S8C5_9ADEN) is ignored but added at the end
NOTE: 539_2iny_HEX_ADE09 (identical to 417_2iny_Q3S8C5_9ADEN) is ignored but added at the end
NOTE: 540_2iny_Q5C8P9_9ADEN (identical to 417_2iny_Q3S8C5_9ADEN) is ignored but added at the end
NOTE: 541_2iny_Q4KSJ8_9ADEN (identical to 417_2iny_Q3S8C5_9ADEN) is ignored but added at the end
NOTE: 542_2iny_HEX_ADE40 (identical to 417_2iny_Q3S8C5_9ADEN) is ignored but added at the end
NOTE: 545_2iny_Q80RI4_ADE03 (identical to 417_2iny_Q3S8C5_9ADEN) is ignored but added at the end
NOTE: 547_2iny_Q2KS08_ADE05 (identical to 417_2iny_Q3S8C5_9ADEN) is ignored but added at the end
NOTE: 558_2iny_Q3S8B4_9ADEN (identical to 417_2iny_Q3S8C5_9ADEN) is ignored but added at the end
NOTE: 560_2iny_Q3S8B6_9ADEN (identical to 417_2iny_Q3S8C5_9ADEN) is ignored but added at the end
NOTE: 562_2iny_Q3S899_9ADEN (identical to 417_2iny_Q3S8C5_9ADEN) is ignored but added at the end
NOTE: 563_2iny_Q2V0B3_ADE09 (identical to 417_2iny_Q3S8C5_9ADEN) is ignored but added at the end
NOTE: 564_2iny_Q3S895_9ADEN (identical to 417_2iny_Q3S8C5_9ADEN) is ignored but added at the end
NOTE: 657_2iny_HEX_ADE12 (identical to 417_2iny_Q3S8C5_9ADEN) is ignored but added at the end
NOTE: 660_2iny_Q71BW8_ADE01 (identical to 417_2iny_Q3S8C5_9ADEN) is ignored but added at the end
NOTE: 662_2iny_Q3S8C4_ADE06 (identical to 417_2iny_Q3S8C5_9ADEN) is ignored but added at the end

For your convenience alignment with unique sequences printed to ../output/hssp/split/Ord0069_2iny.ALL_GBP1P3P3_AICc.uniqueseq.phy

Reading input tree file ../output/hssp/split/Ord0069_2iny.ALL_GB.tree ...
NOTE: ModelFinder requires 0 MB RAM!
ModelFinder will test 78 protein models (sample size: 62) ...
 No. Model         -LnL         df  AIC          AICc         BIC
  1  LG            304.055      9   626.111      629.572      645.255
  2  LG+I          304.055      10  628.111      632.424      649.382
  3  LG+G4         304.056      10  628.112      632.426      649.383
  4  LG+I+G4       304.594      11  631.187      636.467      654.585
  5  LG+R2         304.230      11  630.461      635.741      653.859
  6  LG+R3         304.176      13  634.351      641.935      662.004
 14  LG+F          281.043      28  618.086      667.298      677.646
 15  LG+F+I        281.043      29  620.086      674.461      681.773
 16  LG+F+G4       281.044      29  620.087      674.462      681.774
 17  LG+F+I+G4     281.468      30  622.936      682.936      686.750
 18  LG+F+R2       281.156      30  622.312      682.312      686.126
 19  LG+F+R3       281.116      32  626.232      699.059      694.300
 27  WAG           306.539      9   631.079      634.540      650.223
 28  WAG+I         306.539      10  633.079      637.392      654.350
 29  WAG+G4        306.540      10  633.080      637.394      654.351
 30  WAG+I+G4      306.854      11  635.708      640.988      659.107
 31  WAG+R2        306.620      11  635.240      640.520      658.639
 32  WAG+R3        306.593      13  639.185      646.768      666.838
 40  WAG+F         283.532      28  623.064      672.276      682.624
 41  WAG+F+I       283.525      29  625.050      679.425      686.737
 42  WAG+F+G4      283.532      29  625.064      679.439      686.751
 43  WAG+F+I+G4    283.670      30  627.339      687.339      691.153
 44  WAG+F+R2      283.564      30  627.129      687.129      690.943
 45  WAG+F+R3      283.549      32  631.098      703.926      699.167
 53  JTT           300.498      9   618.995      622.457      638.139
 54  JTT+I         300.498      10  620.995      625.309      642.267
 55  JTT+G4        300.499      10  620.998      625.312      642.269
 56  JTT+I+G4      301.129      11  624.257      629.537      647.656
 57  JTT+R2        300.595      11  623.189      628.469      646.588
 58  JTT+R3        300.555      13  627.111      634.694      654.764
 66  JTT+F         278.625      28  613.250      662.463      672.810
 67  JTT+F+I       278.625      29  615.250      669.625      676.937
 68  JTT+F+G4      278.626      29  615.253      669.628      676.940
 69  JTT+F+I+G4    279.135      30  618.270      678.270      682.084
 70  JTT+F+R2      278.673      30  617.345      677.345      681.159
 71  JTT+F+R3      278.649      32  621.298      694.126      689.366
Akaike Information Criterion:           JTT+F
Corrected Akaike Information Criterion: JTT
Bayesian Information Criterion:         JTT
Best-fit model: JTT chosen according to BIC

All model information printed to ../output/hssp/split/Ord0069_2iny.ALL_GBP1P3P3_AICc.model.gz
CPU time for ModelFinder: 0.091 seconds (0h:0m:0s)
Wall-clock time for ModelFinder: 0.092 seconds (0h:0m:0s)
NOTE: State(s) W not present in alignment and thus removed from Markov process to prevent numerical problems
NOTE: 1 states (see above) are not present and thus removed from Markov process to prevent numerical problems

NOTE: 0 MB RAM (0 GB) is required!
Estimate model parameters (epsilon = 0.500)
1. Initial log-likelihood: -300.498
Optimal log-likelihood: -300.498
Parameters optimization took 1 rounds (0.000 sec)
--------------------------------------------------------------------
|             INITIALIZING CANDIDATE TREE SET                      |
--------------------------------------------------------------------

Do NNI search on 1 best initial trees
Finish initializing candidate tree set (1)
Current best tree score: -300.498 / CPU time: 0.002
Number of iterations: 1
--------------------------------------------------------------------
|               OPTIMIZING CANDIDATE TREE SET                      |
--------------------------------------------------------------------
TREE SEARCH COMPLETED AFTER 2 ITERATIONS / Time: 0h:0m:0s

--------------------------------------------------------------------
|                    FINALIZING TREE SEARCH                        |
--------------------------------------------------------------------
Performs final model parameters optimization
Estimate model parameters (epsilon = 0.050)
1. Initial log-likelihood: -300.498
Optimal log-likelihood: -300.498
Parameters optimization took 1 rounds (0.000 sec)
BEST SCORE FOUND : -300.498
Total tree length: 0.662

Total number of iterations: 2
CPU time used for tree search: 0.002 sec (0h:0m:0s)
Wall-clock time used for tree search: 0.002 sec (0h:0m:0s)
Total CPU time used: 0.008 sec (0h:0m:0s)
Total wall-clock time used: 0.010 sec (0h:0m:0s)

Analysis results written to: 
  IQ-TREE report:                ../output/hssp/split/Ord0069_2iny.ALL_GBP1P3P3_AICc.iqtree
  Maximum-likelihood tree:       ../output/hssp/split/Ord0069_2iny.ALL_GBP1P3P3_AICc.treefile
  Screen log file:               ../output/hssp/split/Ord0069_2iny.ALL_GBP1P3P3_AICc.log

Date and Time: Sat Mar  9 20:03:26 2024
