IQ-TREE multicore version 1.6.12 for Linux 64-bit built Aug 15 2019
Developed by Bui Quang Minh, Nguyen Lam Tung, Olga Chernomor,
Heiko Schmidt, Dominik Schrempf, Michael Woodhams.

Host:    fit-gw.local (AVX2, FMA3, 62 GB RAM)
Command: /home/diepht/danquan/pQMaker/iqtree -s ../output/hssp/split/Ord0019_2hte.ALL_GBP2 -m MFP -fast -mset LG,WAG,JTT -t ../output/hssp/split/Ord0019_2hte.ALL_GB.tree -safe -seed 0 -pre ../output/hssp/split/Ord0019_2hte.ALL_GBP2_AICc
Seed:    0 (Using SPRNG - Scalable Parallel Random Number Generator)
Time:    Sat Mar  9 17:35:07 2024
Kernel:  Safe AVX+FMA - 1 threads (36 CPU cores detected)

HINT: Use -nt option to specify number of threads because your CPU has 36 cores!
HINT: -nt AUTO will automatically determine the best number of threads to use.

Reading alignment file ../output/hssp/split/Ord0019_2hte.ALL_GBP2 ... Phylip format detected
Alignment most likely contains protein sequences
Alignment has 87 sequences with 81 columns, 78 distinct patterns
73 parsimony-informative, 1 singleton sites, 7 constant sites
                       Gap/Ambiguity  Composition  p-value
   1  2hte_seed                0.00%    passed     47.67%
   2  7_2hte_Q9NFS5_PLAFA      0.00%    passed     48.72%
   3  12_2hte_Q4YS06_PLABE     0.00%    passed     11.47%
   4  23_2hte_Q4Y4S9_PLACH     0.00%    passed     72.99%
   5  169_2hte_SPD2_ARATH      0.00%    passed     99.68%
   6  171_2hte_Q6EN48_ORYSA    0.00%    passed     98.08%
   7  175_2hte_SPDE_SOLLC      0.00%    passed     99.95%
   8  180_2hte_Q8GTQ6_MALDO    0.00%    passed     99.99%
   9  181_2hte_Q2VW28_MAIZE    0.00%    passed     96.11%
  10  183_2hte_Q852Q9_PETHY    0.00%    passed     99.88%
  11  184_2hte_Q7XAP2_ORYSA    0.00%    passed     94.95%
  12  185_2hte_SPD2_HYONI      0.00%    passed     99.91%
  13  188_2hte_SPD2_DATST      0.00%    passed     99.86%
  14  189_2hte_Q7XBB3_SOLLC    0.00%    passed     52.75%
  15  191_2hte_SPDE_COFAR      0.00%    passed     98.68%
  16  192_2hte_SPDE_NICSY      0.00%    passed     99.61%
  17  193_2hte_SPD1_ARATH      0.00%    passed     99.85%
  18  194_2hte_Q8GTQ5_MALDO    0.00%    passed     99.99%
  19  195_2hte_SPD1_DATST      0.00%    passed     99.99%
  20  196_2hte_A0EVX4_9FABA    0.00%    passed     99.98%
  21  210_2hte_Q6RXX2_CRYNV    0.00%    passed     97.48%
  22  215_2hte_Q5EVL7_SILLA    0.00%    passed     99.97%
  23  217_2hte_Q55P48_CRYNE    0.00%    passed     97.48%
  24  225_2hte_Q8LBG3_ARATH    0.00%    passed     91.72%
  25  228_2hte_Q5EVL6_SILLA    0.00%    passed     99.81%
  26  230_2hte_SPD2_PEA        0.00%    passed     99.83%
  27  231_2hte_SPD1_PEA        0.00%    passed     99.87%
  28  232_2hte_Q4L0W6_CUCSA    0.00%    passed     99.99%
  29  233_2hte_Q0D721_ORYSA    0.00%    passed     99.84%
  30  241_2hte_Q4ADY5_9ROSA    0.00%    passed     87.69%
  31  243_2hte_SPEE_SCHPO      0.00%    passed     99.93%
  32  252_2hte_Q75BA7_ASHGO    0.00%    passed     67.48%
  33  253_2hte_Q9U2F0_CAEEL    0.00%    passed     96.51%
  34  255_2hte_Q59Z50_CANAL    0.00%    passed     89.73%
  35  282_2hte_Q5WNQ9_CAEBR    0.00%    passed     99.51%
  36  290_2hte_Q6CVU4_KLULA    0.00%    passed     89.13%
  37  291_2hte_Q6MYD1_ASPFU    0.00%    passed     96.69%
  38  295_2hte_Q6FWB8_CANGA    0.00%    passed     59.58%
  39  304_2hte_Q1DJB3_COCIM    0.00%    passed     97.00%
  40  305_2hte_Q6C3P7_YARLI    0.00%    passed     98.55%
  41  306_2hte_SPEE_YEAST      0.00%    passed     67.17%
  42  309_2hte_Q4RVM5_TETNG    0.00%    passed     99.98%
  43  312_2hte_SPEE_NEUCR      0.00%    passed     99.76%
  44  313_2hte_Q0D0I3_ASPTE    0.00%    passed     98.92%
  45  315_2hte_Q6BS99_DEBHA    0.00%    passed     88.15%
  46  316_2hte_SPEE_DICDI      0.00%    passed     96.05%
  47  318_2hte_Q4P245_USTMA    0.00%    passed     96.76%
  48  329_2hte_Q2KTH3_CALSE    0.00%    passed     96.19%
  49  333_2hte_Q96UK1_EMENI    0.00%    passed     95.73%
  50  346_2hte_Q9XJ41_HYONI    0.00%    passed     97.77%
  51  352_2hte_Q9XJ42_ATRBE    0.00%    passed     91.43%
  52  355_2hte_Q9S7W8_ATRBE    0.00%    passed     96.84%
  53  362_2hte_Q2KTH0_9SOLA    0.00%    passed     93.09%
  54  363_2hte_Q2GY27_CHAGB    0.00%    passed     97.01%
  55  367_2hte_Q93XQ5_9SOLA    0.00%    passed     92.28%
  56  368_2hte_Q2KTH4_SOLLC    0.00%    passed     88.46%
  57  370_2hte_Q4VQ73_9SOLA    0.00%    passed     92.40%
  58  372_2hte_Q543H0_MOUSE    0.00%    passed     99.95%
  59  380_2hte_Q70EW6_DATST    0.00%    passed     95.43%
  60  393_2hte_Q7SY20_BRARE    0.00%    passed     99.42%
  61  395_2hte_SPEE_HUMAN      0.00%    passed     99.88%
  62  397_2hte_Q6CQH3_KLULA    0.00%    passed     75.71%
  63  400_2hte_Q4HXQ9_GIBZE    0.00%    passed     99.72%
  64  404_2hte_Q70AR0_SOLTU    0.00%    passed     91.56%
  65  405_2hte_Q2KTH1_DATIN    0.00%    passed     95.19%
  66  425_2hte_Q6NRP7_XENLA    0.00%    passed     99.56%
  67  431_2hte_Q2ZKI8_CALSA    0.00%    passed     49.00%
  68  442_2hte_Q6C706_YARLI    0.00%    passed     94.83%
  69  448_2hte_Q297F0_DROPS    0.00%    passed     99.83%
  70  449_2hte_Q4CBK1_CLOTM    0.00%    passed     61.53%
  71  454_2hte_Q38EH6_9TRYP    0.00%    passed     68.23%
  72  467_2hte_SPSY_YEAST      0.00%    passed     79.83%
  73  504_2hte_Q6FJP6_CANGA    0.00%    passed     95.61%
  74  505_2hte_Q7QHC4_ANOGA    0.00%    passed     94.89%
  75  528_2hte_Q9VHA1_DROME    0.00%    passed     99.56%
  76  529_2hte_SPEE2_LEPIN     0.00%    passed     18.70%
  77  539_2hte_Q16TZ6_AEDAE    0.00%    passed     97.83%
  78  605_2hte_Q3CHM4_THEET    0.00%    passed     95.17%
  79  666_2hte_SPEE1_THETN     0.00%    passed     97.64%
  80  713_2hte_Q2RHH3_MOOTA    0.00%    passed     42.77%
  81  728_2hte_Q3ABP0_CARHZ    0.00%    passed     36.94%
  82  733_2hte_Q2CXL0_9FIRM    0.00%    passed     48.76%
  83  751_2hte_Q1GGU4_SILST    0.00%    passed     44.60%
  84  821_2hte_Q0AZ59_SYNWW    0.00%    passed     97.01%
  85  898_2hte_Q1K205_DESAC    0.00%    passed     25.05%
  86  940_2hte_Q3KFI1_PSEPF    0.00%    passed     27.42%
  87  950_2hte_Q2A4T3_FRATH    0.00%    passed     58.56%
****  TOTAL                    0.00%  0 sequences failed composition chi2 test (p-value<5%; df=19)
NOTE: 194_2hte_Q8GTQ5_MALDO is identical to 180_2hte_Q8GTQ6_MALDO but kept for subsequent analysis

Reading input tree file ../output/hssp/split/Ord0019_2hte.ALL_GB.tree ...
NOTE: ModelFinder requires 13 MB RAM!
ModelFinder will test 78 protein models (sample size: 81) ...
 No. Model         -LnL         df  AIC          AICc         BIC
  1  LG            4308.480     171 8958.961     67782.961    9368.411
  2  LG+I          4274.703     172 8893.407     68405.407    9305.252
  3  LG+G4         4100.447     172 8544.894     68056.894    8956.739
  4  LG+I+G4       4100.442     173 8546.884     68750.884    8961.124
  5  LG+R2         4075.092     173 8496.184     68700.184    8910.423
  6  LG+R3         4074.998     175 8499.996     70099.996    8919.024
 14  LG+F          4327.540     190 9035.080     81615.080    9490.026
 15  LG+F+I        4300.731     191 8983.463     82327.463    9440.803
 16  LG+F+G4       4126.769     191 8635.538     81979.538    9092.878
 17  LG+F+I+G4     4126.781     192 8637.562     82749.562    9097.296
 18  LG+F+R2       4098.623     192 8581.245     82693.245    9040.980
 19  LG+F+R3       4098.604     194 8585.209     84245.209    9049.732
 27  WAG           4349.647     171 9041.294     67865.294    9450.745
 28  WAG+I         4311.768     172 8967.536     68479.536    9379.381
 29  WAG+G4        4154.390     172 8652.780     68164.780    9064.626
 30  WAG+I+G4      4154.409     173 8654.818     68858.818    9069.058
 31  WAG+R2        4136.474     173 8618.947     68822.947    9033.187
 32  WAG+R3        4136.473     175 8622.947     70222.947    9041.975
 40  WAG+F         4379.458     190 9138.915     81718.915    9593.861
 41  WAG+F+I       4347.557     191 9077.113     82421.113    9534.453
 42  WAG+F+G4      4187.759     191 8757.517     82101.517    9214.857
 43  WAG+F+I+G4    4187.761     192 8759.523     82871.523    9219.257
 44  WAG+F+R2      4166.158     192 8716.315     82828.315    9176.049
 45  WAG+F+R3      4166.157     194 8720.314     84380.314    9184.837
 53  JTT           4374.917     171 9091.835     67915.835    9501.286
 54  JTT+I         4331.333     172 9006.667     68518.667    9418.512
 55  JTT+G4        4159.437     172 8662.874     68174.874    9074.720
 56  JTT+I+G4      4159.460     173 8664.920     68868.920    9079.159
 57  JTT+R2        4138.666     173 8623.333     68827.333    9037.572
 58  JTT+R3        4138.625     175 8627.249     70227.249    9046.278
 66  JTT+F         4405.950     190 9191.900     81771.900    9646.845
 67  JTT+F+I       4368.010     191 9118.020     82462.020    9575.359
 68  JTT+F+G4      4194.316     191 8770.633     82114.633    9227.972
 69  JTT+F+I+G4    4194.317     192 8772.634     82884.634    9232.368
 70  JTT+F+R2      4170.321     192 8724.641     82836.641    9184.376
 71  JTT+F+R3      4170.300     194 8728.599     84388.599    9193.122
Akaike Information Criterion:           LG+R2
Corrected Akaike Information Criterion: LG
Bayesian Information Criterion:         LG+R2
Best-fit model: LG+R2 chosen according to BIC

All model information printed to ../output/hssp/split/Ord0019_2hte.ALL_GBP2_AICc.model.gz
CPU time for ModelFinder: 4.064 seconds (0h:0m:4s)
Wall-clock time for ModelFinder: 4.172 seconds (0h:0m:4s)

NOTE: 2 MB RAM (0 GB) is required!
Estimate model parameters (epsilon = 0.500)
1. Initial log-likelihood: -4081.386
2. Current log-likelihood: -4078.207
3. Current log-likelihood: -4077.002
4. Current log-likelihood: -4076.215
Optimal log-likelihood: -4075.595
Site proportion and rates:  (0.555,0.290) (0.445,1.887)
Parameters optimization took 4 rounds (0.202 sec)
--------------------------------------------------------------------
|             INITIALIZING CANDIDATE TREE SET                      |
--------------------------------------------------------------------

Do NNI search on 1 best initial trees
Estimate model parameters (epsilon = 0.500)
BETTER TREE FOUND at iteration 1: -4053.880
Finish initializing candidate tree set (2)
Current best tree score: -4053.880 / CPU time: 0.180
Number of iterations: 1
--------------------------------------------------------------------
|               OPTIMIZING CANDIDATE TREE SET                      |
--------------------------------------------------------------------
Estimate model parameters (epsilon = 0.500)
BETTER TREE FOUND at iteration 2: -4033.884
TREE SEARCH COMPLETED AFTER 2 ITERATIONS / Time: 0h:0m:0s

--------------------------------------------------------------------
|                    FINALIZING TREE SEARCH                        |
--------------------------------------------------------------------
Performs final model parameters optimization
Estimate model parameters (epsilon = 0.050)
1. Initial log-likelihood: -4033.884
Optimal log-likelihood: -4033.804
Site proportion and rates:  (0.555,0.281) (0.445,1.898)
Parameters optimization took 1 rounds (0.050 sec)
BEST SCORE FOUND : -4033.804
Total tree length: 12.315

Total number of iterations: 2
CPU time used for tree search: 0.485 sec (0h:0m:0s)
Wall-clock time used for tree search: 0.497 sec (0h:0m:0s)
Total CPU time used: 0.741 sec (0h:0m:0s)
Total wall-clock time used: 0.767 sec (0h:0m:0s)

Analysis results written to: 
  IQ-TREE report:                ../output/hssp/split/Ord0019_2hte.ALL_GBP2_AICc.iqtree
  Maximum-likelihood tree:       ../output/hssp/split/Ord0019_2hte.ALL_GBP2_AICc.treefile
  Screen log file:               ../output/hssp/split/Ord0019_2hte.ALL_GBP2_AICc.log

Date and Time: Sat Mar  9 17:35:12 2024
