IQ-TREE multicore version 1.6.12 for Linux 64-bit built Aug 15 2019
Developed by Bui Quang Minh, Nguyen Lam Tung, Olga Chernomor,
Heiko Schmidt, Dominik Schrempf, Michael Woodhams.

Host:    fit-gw.local (AVX2, FMA3, 62 GB RAM)
Command: /home/diepht/danquan/pQMaker/iqtree -s ../output/hssp/split/Ord0001_2dbw.ALL_GBP1 -m MFP -fast -mset LG,WAG,JTT -t ../output/hssp/split/Ord0001_2dbw.ALL_GB.tree -safe -seed 0 -pre ../output/hssp/split/Ord0001_2dbw.ALL_GBP1_AICc
Seed:    0 (Using SPRNG - Scalable Parallel Random Number Generator)
Time:    Sat Mar  9 16:32:21 2024
Kernel:  Safe AVX+FMA - 1 threads (36 CPU cores detected)

HINT: Use -nt option to specify number of threads because your CPU has 36 cores!
HINT: -nt AUTO will automatically determine the best number of threads to use.

Reading alignment file ../output/hssp/split/Ord0001_2dbw.ALL_GBP1 ... Phylip format detected
Alignment most likely contains protein sequences
Alignment has 100 sequences with 105 columns, 92 distinct patterns
76 parsimony-informative, 8 singleton sites, 21 constant sites
                       Gap/Ambiguity  Composition  p-value
   1  2dbw_seed                0.00%    passed     99.53%
   2  20_2dbw_A1AGX8_ECOK1     0.00%    passed     99.44%
   3  29_2dbw_Q32AT7_SHIDS     0.00%    passed     97.56%
   4  39_2dbw_Q5PJK7_SALPA     0.00%    passed     99.64%
   5  42_2dbw_Q8Z242_SALTI     0.00%    passed     99.96%
   6  43_2dbw_Q57IS6_SALCH     0.00%    passed     99.95%
   7  46_2dbw_A0XGV4_9ENTR     0.00%    passed     93.78%
   8  47_2dbw_Q8ZLF7_SALTY     0.00%    passed     99.88%
   9  119_2dbw_A1WNF9_9BURK    0.00%    passed     99.99%
  10  120_2dbw_Q12NN7_SHEDO    0.00%    passed     99.70%
  11  134_2dbw_A1RKI7_9GAMM    0.00%    passed     97.52%
  12  149_2dbw_A1S5W7_9GAMM    0.00%    passed     99.71%
  13  150_2dbw_A0X7L2_9GAMM    0.00%    passed     98.44%
  14  151_2dbw_Q2RXF5_RHORT    0.00%    passed     98.88%
  15  152_2dbw_A1TL71_9BURK    0.00%    passed     98.72%
  16  158_2dbw_Q33PM1_9GAMM    0.00%    passed     97.46%
  17  160_2dbw_A0J211_9GAMM    0.00%    passed     94.48%
  18  163_2dbw_Q080Y9_SHEFN    0.00%    passed     96.07%
  19  165_2dbw_A1AZS8_PARDE    0.00%    passed     82.68%
  20  176_2dbw_Q0HHU9_SHESM    0.00%    passed     91.79%
  21  177_2dbw_A0NZ49_9RHOB    0.00%    passed     99.12%
  22  193_2dbw_A0KY47_9GAMM    0.00%    passed     86.79%
  23  197_2dbw_A0H6T6_COMTE    0.00%    passed     99.11%
  24  198_2dbw_A0VF45_COMAC    0.00%    passed     93.62%
  25  199_2dbw_Q1G2W4_CAMJE    0.00%    passed     20.81%
  26  209_2dbw_Q3Q516_9GAMM    0.00%    passed     94.88%
  27  228_2dbw_Q4ZYL1_PSEU2    0.00%    passed     94.29%
  28  229_2dbw_Q8EFL9_SHEON    0.00%    passed     64.45%
  29  230_2dbw_Q3KAA1_PSEPF    0.00%    passed     92.30%
  30  231_2dbw_Q1YTI5_9GAMM    0.00%    passed     87.04%
  31  249_2dbw_Q1QBF1_PSYCK    0.00%    passed     99.74%
  32  251_2dbw_Q1UDX9_9GAMM    0.00%    passed     99.86%
  33  256_2dbw_Q4FSI1_PSYAR    0.00%    passed     99.12%
  34  259_2dbw_Q889G3_PSESM    0.00%    passed     95.38%
  35  260_2dbw_Q4BU94_CROWT    0.00%    passed     53.48%
  36  264_2dbw_Q8XT41_RALSO    0.00%    passed     77.77%
  37  272_2dbw_Q1QV29_CHRSD    0.00%    passed     89.51%
  38  273_2dbw_Q21T08_RHOFD    0.00%    passed     80.58%
  39  275_2dbw_A0Q730_FRANO    0.00%    passed     28.31%
  40  277_2dbw_Q89ED1_BRAJA    0.00%    passed     94.29%
  41  278_2dbw_A1TZE2_MARHY    0.00%    passed     88.36%
  42  281_2dbw_Q66DW9_YERPS    0.00%    passed     63.06%
  43  284_2dbw_Q1ZD49_9GAMM    0.00%    passed     57.09%
  44  287_2dbw_Q5NFP8_FRATT    0.00%    passed     11.51%
  45  288_2dbw_Q84DD1_HELPY    0.00%    passed     83.46%
  46  289_2dbw_Q1CSE9_HELPH    0.00%    passed     79.40%
  47  293_2dbw_Q7N0I0_PHOLL    0.00%    passed     16.06%
  48  299_2dbw_A1HDN7_BURPI    0.00%    passed     93.05%
  49  300_2dbw_A0Z0P0_9GAMM    0.00%    passed     85.79%
  50  305_2dbw_Q9F5N9_HELPY    0.00%    passed     80.90%
  51  306_2dbw_Q13D79_RHOPS    0.00%    passed     82.18%
  52  308_2dbw_A1JNT7_YEREN    0.00%    passed     73.23%
  53  310_2dbw_Q07VP9_RHOP5    0.00%    passed     90.57%
  54  317_2dbw_Q6NDS9_RHOPA    0.00%    passed     94.65%
  55  319_2dbw_Q21DD6_RHOPB    0.00%    passed     94.11%
  56  322_2dbw_Q89WU5_BRAJA    0.00%    passed     87.03%
  57  325_2dbw_GGT_PSEUA       0.00%    passed     96.79%
  58  327_2dbw_Q2S7F2_HAHCH    0.00%    passed     95.24%
  59  329_2dbw_Q1MBZ2_RHIL3    0.00%    passed     99.09%
  60  331_2dbw_Q47UF3_COLP3    0.00%    passed     52.40%
  61  334_2dbw_Q2J416_RHOP2    0.00%    passed     94.73%
  62  336_2dbw_A0IR56_9ENTR    0.00%    passed     57.79%
  63  337_2dbw_Q398K1_BURS3    0.00%    passed     84.48%
  64  344_2dbw_Q0MBB0_9RHIZ    0.00%    passed     94.86%
  65  346_2dbw_Q6CYX6_ERWCT    0.00%    passed     44.52%
  66  361_2dbw_A0T5A0_9BURK    0.00%    passed     83.74%
  67  362_2dbw_Q0B833_BURCM    0.00%    passed     83.74%
  68  364_2dbw_Q4BBF5_BURVI    0.00%    passed     76.81%
  69  368_2dbw_Q2K4E4_RHIEC    0.00%    passed     89.88%
  70  371_2dbw_A0B1G2_BURCH    0.00%    passed     86.50%
  71  381_2dbw_Q2S452_SALRD    0.00%    passed     24.25%
  72  383_2dbw_Q92TL4_RHIME    0.00%    passed     95.97%
  73  389_2dbw_A0U4K3_9BURK    0.00%    passed     74.39%
  74  390_2dbw_Q35LD9_9BRAD    0.00%    passed     96.75%
  75  392_2dbw_Q98B64_RHILO    0.00%    passed     96.17%
  76  398_2dbw_Q3SWB2_NITWN    0.00%    passed     98.20%
  77  405_2dbw_Q1QRQ5_NITHX    0.00%    passed     97.96%
  78  414_2dbw_A0M2S5_GRAFK    0.00%    passed     93.77%
  79  427_2dbw_A0U340_9BURK    0.00%    passed     58.41%
  80  431_2dbw_Q9ABW6_CAUCR    0.00%    passed     68.50%
  81  440_2dbw_A0T6W5_9BURK    0.00%    passed     70.85%
  82  441_2dbw_Q8REZ0_FUSNN    0.00%    passed     70.54%
  83  453_2dbw_Q4BLH9_BURVI    0.00%    passed     66.11%
  84  456_2dbw_Q3SJ07_THIDA    0.00%    failed      0.00%
  85  463_2dbw_Q1VSU6_9FLAO    0.00%    passed     78.93%
  86  469_2dbw_A0UBR3_9BURK    0.00%    passed     58.90%
  87  473_2dbw_Q394Z7_BURS3    0.00%    passed     65.96%
  88  478_2dbw_Q4KIM5_PSEF5    0.00%    passed     88.13%
  89  483_2dbw_Q15UN3_PSEA6    0.00%    passed     98.32%
  90  498_2dbw_Q02JH9_PSEAB    0.00%    passed     98.80%
  91  504_2dbw_A0Y2X2_9GAMM    0.00%    passed     98.64%
  92  521_2dbw_Q5P4M1_AZOSE    0.00%    passed     16.90%
  93  543_2dbw_Q0VKT3_ALCBS    0.00%    passed     94.78%
  94  555_2dbw_Q8P860_XANCP    0.00%    failed      3.44%
  95  566_2dbw_Q31EW6_THICR    0.00%    passed     98.60%
  96  596_2dbw_Q1N426_9GAMM    0.00%    passed     78.56%
  97  625_2dbw_Q62WE3_BACLD    0.00%    passed     65.31%
  98  628_2dbw_Q4BGB0_BURVI    0.00%    passed      9.83%
  99  637_2dbw_A0XAR5_9SPHN    0.00%    passed     16.91%
 100  642_2dbw_Q3MSE0_XANAL    0.00%    failed      3.03%
****  TOTAL                    0.00%  3 sequences failed composition chi2 test (p-value<5%; df=19)
NOTE: 362_2dbw_Q0B833_BURCM is identical to 361_2dbw_A0T5A0_9BURK but kept for subsequent analysis

Reading input tree file ../output/hssp/split/Ord0001_2dbw.ALL_GB.tree ...
NOTE: ModelFinder requires 17 MB RAM!
ModelFinder will test 78 protein models (sample size: 105) ...
 No. Model         -LnL         df  AIC          AICc         BIC
  1  LG            7993.537     197 16381.074    94393.074    16903.904
  2  LG+I          7728.855     198 15853.711    94657.711    16379.195
  3  LG+G4         7303.135     198 15002.271    93806.271    15527.755
  4  LG+I+G4       7298.430     199 14994.860    94594.860    15522.999
  5  LG+R2         7504.475     199 15406.950    95006.950    15935.089
  6  LG+R3         7318.180     201 15038.360    96242.360    15571.806
  7  LG+R4         7305.492     203 15016.983    97840.983    15555.737
  8  LG+R5         7301.190     205 15012.380    99472.380    15556.442
 14  LG+F          8061.489     216 16554.978    110298.978   17128.233
 15  LG+F+I        7783.847     217 16001.693    110613.693   16577.603
 16  LG+F+G4       7319.490     217 15072.979    109684.979   15648.888
 17  LG+F+I+G4     7310.691     218 15057.382    110541.382   15635.946
 18  LG+F+R2       7525.758     218 15487.517    110971.517   16066.080
 19  LG+F+R3       7326.852     220 15093.705    112333.705   15677.576
 20  LG+F+R4       7313.241     222 15070.482    114082.482   15659.661
 21  LG+F+R5       7311.028     224 15070.056    115870.056   15664.543
 27  WAG           7903.290     197 16200.580    94212.580    16723.410
 28  WAG+I         7639.862     198 15675.724    94479.724    16201.208
 29  WAG+G4        7286.727     198 14969.453    93773.453    15494.937
 30  WAG+I+G4      7277.684     199 14953.369    94553.369    15481.507
 31  WAG+R2        7436.143     199 15270.287    94870.287    15798.425
 32  WAG+R3        7286.210     201 14974.421    96178.421    15507.867
 33  WAG+R4        7277.661     203 14961.322    97785.322    15500.076
 34  WAG+R5        7276.650     205 14963.299    99423.299    15507.361
 40  WAG+F         7916.254     216 16264.508    110008.508   16837.763
 41  WAG+F+I       7651.414     217 15736.828    110348.828   16312.737
 42  WAG+F+G4      7289.080     217 15012.159    109624.159   15588.069
 43  WAG+F+I+G4    7277.943     218 14991.885    110475.885   15570.449
 44  WAG+F+R2      7429.025     218 15294.051    110778.051   15872.614
 45  WAG+F+R3      7286.817     220 15013.635    112253.635   15597.506
 46  WAG+F+R4      7277.515     222 14999.030    114011.030   15588.209
 47  WAG+F+R5      7276.700     224 15001.401    115801.401   15595.888
 53  JTT           8166.863     197 16727.725    94739.725    17250.555
 54  JTT+I         7879.353     198 16154.706    94958.706    16680.190
 55  JTT+G4        7426.879     198 15249.758    94053.758    15775.243
 56  JTT+I+G4      7418.807     199 15235.615    94835.615    15763.753
 57  JTT+R2        7629.860     199 15657.720    95257.720    16185.858
 58  JTT+R3        7426.636     201 15255.272    96459.272    15788.718
 59  JTT+R4        7417.842     203 15241.683    98065.683    15780.437
 60  JTT+R5        7417.645     205 15245.289    99705.289    15789.351
 66  JTT+F         8227.474     216 16886.947    110630.947   17460.203
 67  JTT+F+I       7937.771     217 16309.542    110921.542   16885.452
 68  JTT+F+G4      7449.100     217 15332.201    109944.201   15908.110
 69  JTT+F+I+G4    7439.617     218 15315.233    110799.233   15893.796
 70  JTT+F+R2      7657.029     218 15750.059    111234.059   16328.622
 71  JTT+F+R3      7452.983     220 15345.966    112585.966   15929.837
 72  JTT+F+R4      7439.019     222 15322.039    114334.039   15911.218
 73  JTT+F+R5      7438.910     224 15325.820    116125.820   15920.308
Akaike Information Criterion:           WAG+I+G4
Corrected Akaike Information Criterion: WAG+G4
Bayesian Information Criterion:         WAG+I+G4
Best-fit model: WAG+I+G4 chosen according to BIC

All model information printed to ../output/hssp/split/Ord0001_2dbw.ALL_GBP1_AICc.model.gz
CPU time for ModelFinder: 30.407 seconds (0h:0m:30s)
Wall-clock time for ModelFinder: 30.720 seconds (0h:0m:30s)

NOTE: 6 MB RAM (0 GB) is required!
Estimate model parameters (epsilon = 0.500)
Thoroughly optimizing +I+G parameters from 10 start values...
Init pinv, alpha: 0.000, 1.000 / Estimate: 0.000, 0.602 / LogL: -7286.710
Init pinv, alpha: 0.022, 1.000 / Estimate: 0.154, 0.814 / LogL: -7277.697
Init pinv, alpha: 0.044, 1.000 / Estimate: 0.145, 0.797 / LogL: -7277.776
Init pinv, alpha: 0.067, 1.000 / Estimate: 0.153, 0.813 / LogL: -7277.702
Init pinv, alpha: 0.089, 1.000 / Estimate: 0.156, 0.819 / LogL: -7277.687
Init pinv, alpha: 0.111, 1.000 / Estimate: 0.155, 0.818 / LogL: -7277.691
Init pinv, alpha: 0.133, 1.000 / Estimate: 0.158, 0.825 / LogL: -7277.683
Init pinv, alpha: 0.156, 1.000 / Estimate: 0.160, 0.830 / LogL: -7277.683
Init pinv, alpha: 0.178, 1.000 / Estimate: 0.162, 0.834 / LogL: -7277.687
Init pinv, alpha: 0.200, 1.000 / Estimate: 0.163, 0.837 / LogL: -7277.692
Optimal pinv,alpha: 0.158, 0.825 / LogL: -7277.683

Parameters optimization took 2.417 sec
--------------------------------------------------------------------
|             INITIALIZING CANDIDATE TREE SET                      |
--------------------------------------------------------------------

Do NNI search on 1 best initial trees
Estimate model parameters (epsilon = 0.500)
BETTER TREE FOUND at iteration 1: -7246.177
Finish initializing candidate tree set (2)
Current best tree score: -7246.177 / CPU time: 0.305
Number of iterations: 1
--------------------------------------------------------------------
|               OPTIMIZING CANDIDATE TREE SET                      |
--------------------------------------------------------------------
Estimate model parameters (epsilon = 0.500)
BETTER TREE FOUND at iteration 2: -7241.748
TREE SEARCH COMPLETED AFTER 2 ITERATIONS / Time: 0h:0m:3s

--------------------------------------------------------------------
|                    FINALIZING TREE SEARCH                        |
--------------------------------------------------------------------
Performs final model parameters optimization
Estimate model parameters (epsilon = 0.050)
1. Initial log-likelihood: -7241.748
Optimal log-likelihood: -7241.743
Proportion of invariable sites: 0.163
Gamma shape alpha: 0.859
Parameters optimization took 1 rounds (0.061 sec)
BEST SCORE FOUND : -7241.743
Total tree length: 17.822

Total number of iterations: 2
CPU time used for tree search: 0.785 sec (0h:0m:0s)
Wall-clock time used for tree search: 0.790 sec (0h:0m:0s)
Total CPU time used: 3.273 sec (0h:0m:3s)
Total wall-clock time used: 3.285 sec (0h:0m:3s)

Analysis results written to: 
  IQ-TREE report:                ../output/hssp/split/Ord0001_2dbw.ALL_GBP1_AICc.iqtree
  Maximum-likelihood tree:       ../output/hssp/split/Ord0001_2dbw.ALL_GBP1_AICc.treefile
  Screen log file:               ../output/hssp/split/Ord0001_2dbw.ALL_GBP1_AICc.log

Date and Time: Sat Mar  9 16:32:55 2024
