IQ-TREE multicore version 1.6.12 for Linux 64-bit built Aug 15 2019
Developed by Bui Quang Minh, Nguyen Lam Tung, Olga Chernomor,
Heiko Schmidt, Dominik Schrempf, Michael Woodhams.

Host:    fit-gw.local (AVX2, FMA3, 62 GB RAM)
Command: /home/diepht/danquan/pQMaker/iqtree -s ../output/hssp/split/Ord0030_1ks8.ALL_GBP3 -m MFP -fast -mset LG,WAG,JTT -t ../output/hssp/split/Ord0030_1ks8.ALL_GB.tree -safe -seed 0 -pre ../output/hssp/split/Ord0030_1ks8.ALL_GBP3_AICc
Seed:    0 (Using SPRNG - Scalable Parallel Random Number Generator)
Time:    Sat Mar  9 17:59:14 2024
Kernel:  Safe AVX+FMA - 1 threads (36 CPU cores detected)

HINT: Use -nt option to specify number of threads because your CPU has 36 cores!
HINT: -nt AUTO will automatically determine the best number of threads to use.

Reading alignment file ../output/hssp/split/Ord0030_1ks8.ALL_GBP3 ... Phylip format detected
Alignment most likely contains protein sequences
Alignment has 78 sequences with 69 columns, 69 distinct patterns
68 parsimony-informative, 0 singleton sites, 1 constant sites
                       Gap/Ambiguity  Composition  p-value
   1  1ks8_seed                0.00%    passed     79.41%
   2  1_1ks8_O77045_9NEOP      0.00%    passed     77.14%
   3  2_1ks8_Q9BMC7_9NEOP      0.00%    passed     90.87%
   4  9_1ks8_Q9BLD1_COPFO      0.00%    passed     95.31%
   5  14_1ks8_Q64I76_RETFL     0.00%    passed     96.26%
   6  19_1ks8_Q8IFU3_9NEOP     0.00%    passed     57.04%
   7  23_1ks8_Q8IFU4_9NEOP     0.00%    passed     73.73%
   8  25_1ks8_Q8IFU5_9NEOP     0.00%    passed     73.73%
   9  41_1ks8_Q9NCE3_9NEOP     0.00%    passed     66.81%
  10  51_1ks8_Q9NCE2_9NEOP     0.00%    passed     72.87%
  11  61_1ks8_Q86GS4_CHEQU     0.00%    passed     98.67%
  12  68_1ks8_Q2M4A5_9ANNE     0.00%    passed     71.39%
  13  90_1ks8_Q2SJA3_HAHCH     0.00%    passed     36.85%
  14  91_1ks8_A0SGJ5_9CAEN     0.00%    passed     92.82%
  15  97_1ks8_Q47MW0_THEFY     0.00%    passed     85.47%
  16  108_1ks8_Q9Z4I1_9BACI    0.00%    passed     96.36%
  17  112_1ks8_Q6SYB5_BACLI    0.00%    passed     90.91%
  18  115_1ks8_Q9R9H6_BACPU    0.00%    passed     98.43%
  19  116_1ks8_Q5YLG1_BACPU    0.00%    passed     97.91%
  20  117_1ks8_Q0LJ03_HERAU    0.00%    passed     97.98%
  21  120_1ks8_A0LVL3_ACICE    0.00%    passed     93.60%
  22  121_1ks8_GUN4_BACS5      0.00%    passed     98.80%
  23  123_1ks8_GUN12_ARATH     0.00%    passed     80.21%
  24  124_1ks8_GUN13_ARATH     0.00%    passed     90.52%
  25  128_1ks8_GUN6_ARATH      0.00%    passed     99.92%
  26  129_1ks8_Q8L6S6_FRAAN    0.00%    passed     99.93%
  27  134_1ks8_GUN19_ARATH     0.00%    passed     99.99%
  28  136_1ks8_GUN15_ARATH     0.00%    passed     91.12%
  29  137_1ks8_Q25B23_PRUPE    0.00%    passed     99.97%
  30  139_1ks8_Q75UN9_HALDI    0.00%    passed     31.12%
  31  142_1ks8_GUN14_ARATH     0.00%    passed     84.60%
  32  143_1ks8_Q8GTP5_PYRCO    0.00%    passed     96.75%
  33  144_1ks8_Q2HZY0_SOYBN    0.00%    passed     99.87%
  34  150_1ks8_GUN16_ORYSA     0.00%    passed     93.37%
  35  152_1ks8_GUN5_ARATH      0.00%    passed     93.66%
  36  154_1ks8_GUNZ_CLOSR      0.00%    passed     99.63%
  37  159_1ks8_GUN11_ARATH     0.00%    passed    100.00%
  38  160_1ks8_Q93WY9_TOBAC    0.00%    passed     99.98%
  39  163_1ks8_Q9ZSP9_SOLLC    0.00%    passed     99.98%
  40  165_1ks8_Q9XF22_NICAL    0.00%    passed     60.50%
  41  166_1ks8_GUNG_CLOCE      0.00%    passed     66.27%
  42  167_1ks8_Q0J930_ORYSA    0.00%    passed     98.48%
  43  173_1ks8_Q0DXR2_ORYSA    0.00%    passed     98.85%
  44  176_1ks8_Q0E3W7_ORYSA    0.00%    passed     97.53%
  45  187_1ks8_O64401_PINRA    0.00%    passed     98.97%
  46  188_1ks8_O22298_CITSI    0.00%    passed     98.69%
  47  189_1ks8_GUN1_ORYSA      0.00%    passed     98.16%
  48  192_1ks8_Q96546_CAPAN    0.00%    passed     98.92%
  49  194_1ks8_Q6DMM3_9ROSI    0.00%    passed     92.50%
  50  195_1ks8_Q2ZH56_CALSA    0.00%    passed     88.01%
  51  197_1ks8_P94114_PRUPE    0.00%    passed     99.92%
  52  198_1ks8_O82473_SOLLC    0.00%    passed     97.20%
  53  199_1ks8_GUN21_ORYSA     0.00%    passed     59.58%
  54  203_1ks8_Q9XIY8_POPAL    0.00%    passed     99.88%
  55  205_1ks8_Q0JPJ1_ORYSA    0.00%    passed     99.97%
  56  207_1ks8_GUN15_ORYSA     0.00%    passed     99.98%
  57  214_1ks8_O64402_PINRA    0.00%    passed     97.32%
  58  215_1ks8_GUN1_ARATH      0.00%    passed     87.74%
  59  216_1ks8_GUN1_PERAE      0.00%    passed     99.94%
  60  217_1ks8_Q6V596_MALDO    0.00%    passed     82.41%
  61  219_1ks8_Q9AYM9_ATRLE    0.00%    passed     99.72%
  62  222_1ks8_O04972_SOLLC    0.00%    passed     90.16%
  63  224_1ks8_O22297_CITSI    0.00%    passed     99.80%
  64  233_1ks8_Q9AVI5_POPAL    0.00%    passed     99.55%
  65  234_1ks8_Q40763_POPAL    0.00%    passed     99.11%
  66  236_1ks8_GUN3_ARATH      0.00%    passed     92.75%
  67  237_1ks8_GUN19_ORYSA     0.00%    passed     90.50%
  68  242_1ks8_GUN17_ARATH     0.00%    passed     97.17%
  69  243_1ks8_Q93WZ1_TOBAC    0.00%    passed     95.24%
  70  251_1ks8_Q0E4D7_ORYSA    0.00%    passed     91.05%
  71  253_1ks8_Q42875_SOLLC    0.00%    passed     75.41%
  72  254_1ks8_Q0V7W1_ARATH    0.00%    passed     74.69%
  73  262_1ks8_Q9SSU7_PEA      0.00%    passed     88.34%
  74  263_1ks8_Q0J030_ORYSA    1.45%    passed     43.25%
  75  267_1ks8_Q7XB15_LILLO    0.00%    passed     64.59%
  76  274_1ks8_Q9ZTL0_FRAAN    0.00%    passed     99.42%
  77  281_1ks8_Q41012_PEA      0.00%    passed     98.27%
  78  283_1ks8_Q0JN97_ORYSA    0.00%    passed     32.79%
****  TOTAL                    0.02%  0 sequences failed composition chi2 test (p-value<5%; df=19)
NOTE: 25_1ks8_Q8IFU5_9NEOP is identical to 23_1ks8_Q8IFU4_9NEOP but kept for subsequent analysis

Reading input tree file ../output/hssp/split/Ord0030_1ks8.ALL_GB.tree ...
NOTE: ModelFinder requires 11 MB RAM!
ModelFinder will test 78 protein models (sample size: 69) ...
 No. Model         -LnL         df  AIC          AICc         BIC
  1  LG            4120.927     153 8547.855     55671.855    8889.673
  2  LG+I          4119.100     154 8546.201     56286.201    8890.253
  3  LG+G4         4116.233     154 8540.465     56280.465    8884.518
  4  LG+I+G4       4115.240     155 8540.480     56900.480    8886.766
  5  LG+R2         4115.367     155 8540.735     56900.735    8887.021
  6  LG+R3         4115.111     157 8544.222     58156.222    8894.977
 14  LG+F          4067.347     172 8478.694     67990.694    8862.960
 15  LG+F+I        4065.189     173 8476.377     68680.377    8862.878
 16  LG+F+G4       4062.280     173 8470.560     68674.560    8857.061
 17  LG+F+I+G4     4061.043     174 8470.086     69370.086    8858.821
 18  LG+F+R2       4061.522     174 8471.044     69371.044    8859.778
 19  LG+F+R3       4061.513     176 8475.025     70779.025    8868.228
 27  WAG           4085.960     153 8477.919     55601.919    8819.738
 28  WAG+I         4084.456     154 8476.912     56216.912    8820.964
 29  WAG+G4        4084.664     154 8477.329     56217.329    8821.381
 30  WAG+I+G4      4083.588     155 8477.177     56837.177    8823.463
 31  WAG+R2        4084.351     155 8478.703     56838.703    8824.989
 32  WAG+R3        4084.348     157 8482.697     58094.697    8833.451
 40  WAG+F         4051.300     172 8446.600     67958.600    8830.867
 41  WAG+F+I       4049.803     173 8445.606     68649.606    8832.106
 42  WAG+F+G4      4050.166     173 8446.332     68650.332    8832.832
 43  WAG+F+I+G4    4049.050     174 8446.101     69346.101    8834.835
 44  WAG+F+R2      4050.029     174 8448.058     69348.058    8836.792
 45  WAG+F+R3      4050.024     176 8452.047     70756.047    8845.250
 53  JTT           4136.295     153 8578.589     55702.589    8920.407
 54  JTT+I         4132.929     154 8573.857     56313.857    8917.910
 55  JTT+G4        4131.043     154 8570.086     56310.086    8914.139
 56  JTT+I+G4      4128.973     155 8567.947     56927.947    8914.233
 57  JTT+R2        4130.122     155 8570.243     56930.243    8916.530
 58  JTT+R3        4130.077     157 8574.154     58186.154    8924.908
 66  JTT+F         4094.656     172 8533.313     68045.313    8917.579
 67  JTT+F+I       4091.710     173 8529.421     68733.421    8915.921
 68  JTT+F+G4      4089.093     173 8524.185     68728.185    8910.686
 69  JTT+F+I+G4    4087.338     174 8522.677     69422.677    8911.411
 70  JTT+F+R2      4088.479     174 8524.958     69424.958    8913.693
 71  JTT+F+R3      4088.463     176 8528.925     70832.925    8922.128
Akaike Information Criterion:           WAG+F+I
Corrected Akaike Information Criterion: WAG
Bayesian Information Criterion:         WAG
Best-fit model: WAG chosen according to BIC

All model information printed to ../output/hssp/split/Ord0030_1ks8.ALL_GBP3_AICc.model.gz
CPU time for ModelFinder: 2.832 seconds (0h:0m:2s)
Wall-clock time for ModelFinder: 2.870 seconds (0h:0m:2s)

NOTE: 1 MB RAM (0 GB) is required!
Estimate model parameters (epsilon = 0.500)
1. Initial log-likelihood: -4085.960
Optimal log-likelihood: -4085.937
Parameters optimization took 1 rounds (0.006 sec)
--------------------------------------------------------------------
|             INITIALIZING CANDIDATE TREE SET                      |
--------------------------------------------------------------------

Do NNI search on 1 best initial trees
Estimate model parameters (epsilon = 0.500)
BETTER TREE FOUND at iteration 1: -4021.974
Finish initializing candidate tree set (2)
Current best tree score: -4021.974 / CPU time: 0.087
Number of iterations: 1
--------------------------------------------------------------------
|               OPTIMIZING CANDIDATE TREE SET                      |
--------------------------------------------------------------------
Estimate model parameters (epsilon = 0.500)
BETTER TREE FOUND at iteration 2: -4021.821
TREE SEARCH COMPLETED AFTER 2 ITERATIONS / Time: 0h:0m:0s

--------------------------------------------------------------------
|                    FINALIZING TREE SEARCH                        |
--------------------------------------------------------------------
Performs final model parameters optimization
Estimate model parameters (epsilon = 0.050)
1. Initial log-likelihood: -4021.821
Optimal log-likelihood: -4021.821
Parameters optimization took 1 rounds (0.005 sec)
BEST SCORE FOUND : -4021.821
Total tree length: 12.966

Total number of iterations: 2
CPU time used for tree search: 0.185 sec (0h:0m:0s)
Wall-clock time used for tree search: 0.189 sec (0h:0m:0s)
Total CPU time used: 0.203 sec (0h:0m:0s)
Total wall-clock time used: 0.215 sec (0h:0m:0s)

Analysis results written to: 
  IQ-TREE report:                ../output/hssp/split/Ord0030_1ks8.ALL_GBP3_AICc.iqtree
  Maximum-likelihood tree:       ../output/hssp/split/Ord0030_1ks8.ALL_GBP3_AICc.treefile
  Screen log file:               ../output/hssp/split/Ord0030_1ks8.ALL_GBP3_AICc.log

Date and Time: Sat Mar  9 17:59:17 2024
