IQ-TREE multicore version 1.6.12 for Linux 64-bit built Aug 15 2019
Developed by Bui Quang Minh, Nguyen Lam Tung, Olga Chernomor,
Heiko Schmidt, Dominik Schrempf, Michael Woodhams.

Host:    fit-gw.local (AVX2, FMA3, 62 GB RAM)
Command: /home/diepht/danquan/pQMaker/iqtree -s ../output/hssp/split/Ord0069_2iny.ALL_GBP1P3P2 -m MFP -fast -mset LG,WAG,JTT -t ../output/hssp/split/Ord0069_2iny.ALL_GB.tree -safe -seed 0 -pre ../output/hssp/split/Ord0069_2iny.ALL_GBP1P3P2_AICc
Seed:    0 (Using SPRNG - Scalable Parallel Random Number Generator)
Time:    Sat Mar  9 20:03:26 2024
Kernel:  Safe AVX+FMA - 1 threads (36 CPU cores detected)

HINT: Use -nt option to specify number of threads because your CPU has 36 cores!
HINT: -nt AUTO will automatically determine the best number of threads to use.

Reading alignment file ../output/hssp/split/Ord0069_2iny.ALL_GBP1P3P2 ... Phylip format detected
Alignment most likely contains protein sequences
Alignment has 60 sequences with 91 columns, 66 distinct patterns
63 parsimony-informative, 3 singleton sites, 25 constant sites
                       Gap/Ambiguity  Composition  p-value
   1  2iny_seed                0.00%    failed      0.00%
   2  19_2iny_Q9QM73_9ADEN     0.00%    failed      0.00%
   3  24_2iny_Q66853_ADEGX     0.00%    failed      0.00%
   4  403_2iny_HEX_ADECC       0.00%    passed    100.00%
   5  417_2iny_Q3S8C5_9ADEN    0.00%    passed    100.00%
   6  420_2iny_P87562_ADEC2    0.00%    passed    100.00%
   7  422_2iny_Q2KSE8_ADE04    0.00%    passed    100.00%
   8  423_2iny_Q3S8A5_9ADEN    0.00%    passed    100.00%
   9  426_2iny_Q3S8B5_9ADEN    0.00%    passed    100.00%
  10  429_2iny_Q3S8C1_9ADEN    0.00%    passed    100.00%
  11  431_2iny_Q3S8A1_9ADEN    0.00%    passed    100.00%
  12  436_2iny_HEX_ADE41       0.00%    passed    100.00%
  13  437_2iny_Q3ZKU4_9ADEN    0.00%    passed    100.00%
  14  438_2iny_Q3ZKY9_9ADEN    0.00%    passed    100.00%
  15  442_2iny_Q3S8B7_9ADEN    0.00%    passed    100.00%
  16  443_2iny_Q2KS38_ADE07    0.00%    passed    100.00%
  17  445_2iny_Q3S8A3_9ADEN    0.00%    passed    100.00%
  18  446_2iny_Q3S897_9ADEN    0.00%    passed    100.00%
  19  447_2iny_Q2TK92_ADE03    0.00%    passed    100.00%
  20  467_2iny_Q9DT29_9ADEN    0.00%    passed    100.00%
  21  472_2iny_Q910Z9_ADE02    0.00%    passed    100.00%
  22  480_2iny_Q3S8B1_9ADEN    0.00%    passed    100.00%
  23  482_2iny_Q3S8B2_9ADEN    0.00%    passed    100.00%
  24  483_2iny_Q3S8B9_9ADEN    0.00%    passed    100.00%
  25  484_2iny_Q3S8A4_9ADEN    0.00%    passed    100.00%
  26  498_2iny_Q3S8A8_9ADEN    0.00%    passed    100.00%
  27  499_2iny_Q3S8C3_ADE08    0.00%    passed    100.00%
  28  500_2iny_Q5UW08_9ADEN    0.00%    passed    100.00%
  29  502_2iny_Q67814_ADE04    0.00%    passed    100.00%
  30  506_2iny_Q80RJ0_ADE03    0.00%    passed    100.00%
  31  508_2iny_HEX_ADE03       0.00%    passed    100.00%
  32  510_2iny_A0MK56_9ADEN    0.00%    passed    100.00%
  33  511_2iny_Q0PLY2_ADES7    0.00%    passed    100.00%
  34  512_2iny_Q0MW45_ADEC2    0.00%    passed    100.00%
  35  514_2iny_Q6QPE0_9ADEN    0.00%    passed    100.00%
  36  520_2iny_Q2KRX0_ADE16    0.00%    passed    100.00%
  37  521_2iny_Q80RI3_ADE02    0.00%    passed    100.00%
  38  523_2iny_O39793_ADEE1    0.00%    passed    100.00%
  39  524_2iny_Q3S8A6_9ADEN    0.00%    passed    100.00%
  40  525_2iny_Q3S8B8_9ADEN    0.00%    passed    100.00%
  41  527_2iny_Q3S8A2_9ADEN    0.00%    passed    100.00%
  42  528_2iny_Q3S896_9ADEN    0.00%    passed    100.00%
  43  530_2iny_Q83109_9ADEN    0.00%    passed    100.00%
  44  532_2iny_Q3S8A7_9ADEN    0.00%    passed    100.00%
  45  534_2iny_Q3S8A0_9ADEN    0.00%    passed    100.00%
  46  537_2iny_Q3S8B0_9ADEN    0.00%    passed    100.00%
  47  539_2iny_HEX_ADE09       0.00%    passed    100.00%
  48  540_2iny_Q5C8P9_9ADEN    0.00%    passed    100.00%
  49  541_2iny_Q4KSJ8_9ADEN    0.00%    passed    100.00%
  50  542_2iny_HEX_ADE40       0.00%    passed    100.00%
  51  545_2iny_Q80RI4_ADE03    0.00%    passed    100.00%
  52  547_2iny_Q2KS08_ADE05    0.00%    passed    100.00%
  53  558_2iny_Q3S8B4_9ADEN    0.00%    passed    100.00%
  54  560_2iny_Q3S8B6_9ADEN    0.00%    passed    100.00%
  55  562_2iny_Q3S899_9ADEN    0.00%    passed    100.00%
  56  563_2iny_Q2V0B3_ADE09    0.00%    passed    100.00%
  57  564_2iny_Q3S895_9ADEN    0.00%    passed    100.00%
  58  657_2iny_HEX_ADE12       0.00%    passed    100.00%
  59  660_2iny_Q71BW8_ADE01    0.00%    passed    100.00%
  60  662_2iny_Q3S8C4_ADE06    0.00%    passed    100.00%
****  TOTAL                    0.00%  3 sequences failed composition chi2 test (p-value<5%; df=19)
NOTE: 420_2iny_P87562_ADEC2 is identical to 403_2iny_HEX_ADECC but kept for subsequent analysis
NOTE: 422_2iny_Q2KSE8_ADE04 is identical to 417_2iny_Q3S8C5_9ADEN but kept for subsequent analysis
NOTE: 521_2iny_Q80RI3_ADE02 is identical to 472_2iny_Q910Z9_ADE02 but kept for subsequent analysis
NOTE: 49 identical sequences (see below) will be ignored for subsequent analysis
NOTE: 512_2iny_Q0MW45_ADEC2 (identical to 403_2iny_HEX_ADECC) is ignored but added at the end
NOTE: 423_2iny_Q3S8A5_9ADEN (identical to 417_2iny_Q3S8C5_9ADEN) is ignored but added at the end
NOTE: 426_2iny_Q3S8B5_9ADEN (identical to 417_2iny_Q3S8C5_9ADEN) is ignored but added at the end
NOTE: 429_2iny_Q3S8C1_9ADEN (identical to 417_2iny_Q3S8C5_9ADEN) is ignored but added at the end
NOTE: 431_2iny_Q3S8A1_9ADEN (identical to 417_2iny_Q3S8C5_9ADEN) is ignored but added at the end
NOTE: 436_2iny_HEX_ADE41 (identical to 417_2iny_Q3S8C5_9ADEN) is ignored but added at the end
NOTE: 437_2iny_Q3ZKU4_9ADEN (identical to 417_2iny_Q3S8C5_9ADEN) is ignored but added at the end
NOTE: 438_2iny_Q3ZKY9_9ADEN (identical to 417_2iny_Q3S8C5_9ADEN) is ignored but added at the end
NOTE: 442_2iny_Q3S8B7_9ADEN (identical to 417_2iny_Q3S8C5_9ADEN) is ignored but added at the end
NOTE: 443_2iny_Q2KS38_ADE07 (identical to 417_2iny_Q3S8C5_9ADEN) is ignored but added at the end
NOTE: 445_2iny_Q3S8A3_9ADEN (identical to 417_2iny_Q3S8C5_9ADEN) is ignored but added at the end
NOTE: 446_2iny_Q3S897_9ADEN (identical to 417_2iny_Q3S8C5_9ADEN) is ignored but added at the end
NOTE: 447_2iny_Q2TK92_ADE03 (identical to 417_2iny_Q3S8C5_9ADEN) is ignored but added at the end
NOTE: 467_2iny_Q9DT29_9ADEN (identical to 417_2iny_Q3S8C5_9ADEN) is ignored but added at the end
NOTE: 480_2iny_Q3S8B1_9ADEN (identical to 417_2iny_Q3S8C5_9ADEN) is ignored but added at the end
NOTE: 482_2iny_Q3S8B2_9ADEN (identical to 417_2iny_Q3S8C5_9ADEN) is ignored but added at the end
NOTE: 483_2iny_Q3S8B9_9ADEN (identical to 417_2iny_Q3S8C5_9ADEN) is ignored but added at the end
NOTE: 484_2iny_Q3S8A4_9ADEN (identical to 417_2iny_Q3S8C5_9ADEN) is ignored but added at the end
NOTE: 498_2iny_Q3S8A8_9ADEN (identical to 417_2iny_Q3S8C5_9ADEN) is ignored but added at the end
NOTE: 499_2iny_Q3S8C3_ADE08 (identical to 417_2iny_Q3S8C5_9ADEN) is ignored but added at the end
NOTE: 500_2iny_Q5UW08_9ADEN (identical to 417_2iny_Q3S8C5_9ADEN) is ignored but added at the end
NOTE: 502_2iny_Q67814_ADE04 (identical to 417_2iny_Q3S8C5_9ADEN) is ignored but added at the end
NOTE: 506_2iny_Q80RJ0_ADE03 (identical to 417_2iny_Q3S8C5_9ADEN) is ignored but added at the end
NOTE: 508_2iny_HEX_ADE03 (identical to 417_2iny_Q3S8C5_9ADEN) is ignored but added at the end
NOTE: 510_2iny_A0MK56_9ADEN (identical to 417_2iny_Q3S8C5_9ADEN) is ignored but added at the end
NOTE: 511_2iny_Q0PLY2_ADES7 (identical to 417_2iny_Q3S8C5_9ADEN) is ignored but added at the end
NOTE: 514_2iny_Q6QPE0_9ADEN (identical to 417_2iny_Q3S8C5_9ADEN) is ignored but added at the end
NOTE: 520_2iny_Q2KRX0_ADE16 (identical to 417_2iny_Q3S8C5_9ADEN) is ignored but added at the end
NOTE: 524_2iny_Q3S8A6_9ADEN (identical to 417_2iny_Q3S8C5_9ADEN) is ignored but added at the end
NOTE: 525_2iny_Q3S8B8_9ADEN (identical to 417_2iny_Q3S8C5_9ADEN) is ignored but added at the end
NOTE: 527_2iny_Q3S8A2_9ADEN (identical to 417_2iny_Q3S8C5_9ADEN) is ignored but added at the end
NOTE: 528_2iny_Q3S896_9ADEN (identical to 417_2iny_Q3S8C5_9ADEN) is ignored but added at the end
NOTE: 530_2iny_Q83109_9ADEN (identical to 417_2iny_Q3S8C5_9ADEN) is ignored but added at the end
NOTE: 532_2iny_Q3S8A7_9ADEN (identical to 417_2iny_Q3S8C5_9ADEN) is ignored but added at the end
NOTE: 534_2iny_Q3S8A0_9ADEN (identical to 417_2iny_Q3S8C5_9ADEN) is ignored but added at the end
NOTE: 537_2iny_Q3S8B0_9ADEN (identical to 417_2iny_Q3S8C5_9ADEN) is ignored but added at the end
NOTE: 539_2iny_HEX_ADE09 (identical to 417_2iny_Q3S8C5_9ADEN) is ignored but added at the end
NOTE: 540_2iny_Q5C8P9_9ADEN (identical to 417_2iny_Q3S8C5_9ADEN) is ignored but added at the end
NOTE: 541_2iny_Q4KSJ8_9ADEN (identical to 417_2iny_Q3S8C5_9ADEN) is ignored but added at the end
NOTE: 542_2iny_HEX_ADE40 (identical to 417_2iny_Q3S8C5_9ADEN) is ignored but added at the end
NOTE: 545_2iny_Q80RI4_ADE03 (identical to 417_2iny_Q3S8C5_9ADEN) is ignored but added at the end
NOTE: 558_2iny_Q3S8B4_9ADEN (identical to 417_2iny_Q3S8C5_9ADEN) is ignored but added at the end
NOTE: 560_2iny_Q3S8B6_9ADEN (identical to 417_2iny_Q3S8C5_9ADEN) is ignored but added at the end
NOTE: 562_2iny_Q3S899_9ADEN (identical to 417_2iny_Q3S8C5_9ADEN) is ignored but added at the end
NOTE: 563_2iny_Q2V0B3_ADE09 (identical to 417_2iny_Q3S8C5_9ADEN) is ignored but added at the end
NOTE: 564_2iny_Q3S895_9ADEN (identical to 417_2iny_Q3S8C5_9ADEN) is ignored but added at the end
NOTE: 547_2iny_Q2KS08_ADE05 (identical to 472_2iny_Q910Z9_ADE02) is ignored but added at the end
NOTE: 660_2iny_Q71BW8_ADE01 (identical to 472_2iny_Q910Z9_ADE02) is ignored but added at the end
NOTE: 662_2iny_Q3S8C4_ADE06 (identical to 472_2iny_Q910Z9_ADE02) is ignored but added at the end

For your convenience alignment with unique sequences printed to ../output/hssp/split/Ord0069_2iny.ALL_GBP1P3P2_AICc.uniqueseq.phy

Reading input tree file ../output/hssp/split/Ord0069_2iny.ALL_GB.tree ...
NOTE: ModelFinder requires 1 MB RAM!
ModelFinder will test 78 protein models (sample size: 91) ...
 No. Model         -LnL         df  AIC          AICc         BIC
  1  LG            526.125      19  1090.250     1100.955     1137.957
  2  LG+I          526.125      20  1092.250     1104.250     1142.468
  3  LG+G4         526.136      20  1092.271     1104.271     1142.489
  4  LG+I+G4       526.299      21  1094.598     1107.989     1147.326
  5  LG+R2         526.131      21  1094.262     1107.654     1146.990
  6  LG+R3         526.125      23  1098.249     1114.727     1155.999
 14  LG+F          507.768      38  1091.536     1148.536     1186.949
 15  LG+F+I        507.768      39  1093.536     1154.713     1191.460
 16  LG+F+G4       507.778      39  1093.555     1154.732     1191.479
 17  LG+F+I+G4     507.884      40  1095.768     1161.368     1196.202
 18  LG+F+R2       507.769      40  1095.538     1161.138     1195.972
 19  LG+F+R3       507.768      42  1099.536     1174.786     1204.992
 27  WAG           535.357      19  1108.714     1119.418     1156.420
 28  WAG+I         535.357      20  1110.714     1122.714     1160.931
 29  WAG+G4        535.368      20  1110.735     1122.735     1160.952
 30  WAG+I+G4      535.444      21  1112.889     1126.280     1165.617
 31  WAG+R2        535.357      21  1112.714     1126.105     1165.442
 32  WAG+R3        535.357      23  1116.714     1133.191     1174.464
 40  WAG+F         514.933      38  1105.865     1162.865     1201.278
 41  WAG+F+I       514.933      39  1107.866     1169.042     1205.789
 42  WAG+F+G4      514.943      39  1107.886     1169.062     1205.809
 43  WAG+F+I+G4    514.994      40  1109.989     1175.589     1210.423
 44  WAG+F+R2      514.933      40  1109.865     1175.465     1210.300
 45  WAG+F+R3      514.933      42  1113.865     1189.115     1219.322
 53  JTT           544.376      19  1126.751     1137.455     1174.458
 54  JTT+I         544.376      20  1128.751     1140.751     1178.968
 55  JTT+G4        544.383      20  1128.766     1140.766     1178.983
 56  JTT+I+G4      544.415      21  1130.830     1144.222     1183.559
 57  JTT+R2        544.376      21  1130.751     1144.142     1183.479
 58  JTT+R3        544.376      23  1134.751     1151.229     1192.501
 66  JTT+F         524.577      38  1125.154     1182.154     1220.567
 67  JTT+F+I       524.577      39  1127.154     1188.331     1225.078
 68  JTT+F+G4      524.584      39  1127.167     1188.344     1225.091
 69  JTT+F+I+G4    524.606      40  1129.212     1194.812     1229.647
 70  JTT+F+R2      524.577      40  1129.154     1194.754     1229.588
 71  JTT+F+R3      524.577      42  1133.154     1208.404     1238.610
Akaike Information Criterion:           LG
Corrected Akaike Information Criterion: LG
Bayesian Information Criterion:         LG
Best-fit model: LG chosen according to BIC

All model information printed to ../output/hssp/split/Ord0069_2iny.ALL_GBP1P3P2_AICc.model.gz
CPU time for ModelFinder: 0.256 seconds (0h:0m:0s)
Wall-clock time for ModelFinder: 0.257 seconds (0h:0m:0s)

NOTE: 0 MB RAM (0 GB) is required!
Estimate model parameters (epsilon = 0.500)
1. Initial log-likelihood: -526.125
Optimal log-likelihood: -526.125
Parameters optimization took 1 rounds (0.001 sec)
--------------------------------------------------------------------
|             INITIALIZING CANDIDATE TREE SET                      |
--------------------------------------------------------------------

Do NNI search on 1 best initial trees
Estimate model parameters (epsilon = 0.500)
BETTER TREE FOUND at iteration 1: -525.538
Finish initializing candidate tree set (2)
Current best tree score: -525.538 / CPU time: 0.004
Number of iterations: 1
--------------------------------------------------------------------
|               OPTIMIZING CANDIDATE TREE SET                      |
--------------------------------------------------------------------
BETTER TREE FOUND at iteration 2: -525.538
TREE SEARCH COMPLETED AFTER 2 ITERATIONS / Time: 0h:0m:0s

--------------------------------------------------------------------
|                    FINALIZING TREE SEARCH                        |
--------------------------------------------------------------------
Performs final model parameters optimization
Estimate model parameters (epsilon = 0.050)
1. Initial log-likelihood: -525.538
Optimal log-likelihood: -525.538
Parameters optimization took 1 rounds (0.001 sec)
BEST SCORE FOUND : -525.538
Total tree length: 1.020

Total number of iterations: 2
CPU time used for tree search: 0.011 sec (0h:0m:0s)
Wall-clock time used for tree search: 0.012 sec (0h:0m:0s)
Total CPU time used: 0.017 sec (0h:0m:0s)
Total wall-clock time used: 0.020 sec (0h:0m:0s)

Analysis results written to: 
  IQ-TREE report:                ../output/hssp/split/Ord0069_2iny.ALL_GBP1P3P2_AICc.iqtree
  Maximum-likelihood tree:       ../output/hssp/split/Ord0069_2iny.ALL_GBP1P3P2_AICc.treefile
  Screen log file:               ../output/hssp/split/Ord0069_2iny.ALL_GBP1P3P2_AICc.log

Date and Time: Sat Mar  9 20:03:26 2024
